{"/Users/phong/Library/CloudStorage/GoogleDrive-skyfalljoss@gmail.com/My Drive/project/EMS-trainning/frontend/src/App.tsx": {"path":"/Users/phong/Library/CloudStorage/GoogleDrive-skyfalljoss@gmail.com/My Drive/project/EMS-trainning/frontend/src/App.tsx","statementMap":{"0":{"start":{"line":11,"column":6},"end":{"line":11,"column":null}},"1":{"start":{"line":11,"column":25},"end":{"line":11,"column":null}},"2":{"start":{"line":12,"column":6},"end":{"line":12,"column":null}},"3":{"start":{"line":12,"column":28},"end":{"line":12,"column":null}},"4":{"start":{"line":13,"column":6},"end":{"line":13,"column":null}},"5":{"start":{"line":13,"column":34},"end":{"line":13,"column":null}},"6":{"start":{"line":14,"column":6},"end":{"line":14,"column":null}},"7":{"start":{"line":14,"column":30},"end":{"line":14,"column":null}},"8":{"start":{"line":15,"column":6},"end":{"line":15,"column":null}},"9":{"start":{"line":15,"column":29},"end":{"line":15,"column":null}},"10":{"start":{"line":16,"column":6},"end":{"line":16,"column":null}},"11":{"start":{"line":16,"column":29},"end":{"line":16,"column":null}},"12":{"start":{"line":17,"column":6},"end":{"line":17,"column":null}},"13":{"start":{"line":17,"column":35},"end":{"line":17,"column":null}},"14":{"start":{"line":18,"column":6},"end":{"line":18,"column":null}},"15":{"start":{"line":18,"column":31},"end":{"line":18,"column":null}},"16":{"start":{"line":19,"column":6},"end":{"line":19,"column":null}},"17":{"start":{"line":19,"column":37},"end":{"line":19,"column":null}},"18":{"start":{"line":24,"column":22},"end":{"line":24,"column":54}},"19":{"start":{"line":25,"column":16},"end":{"line":30,"column":null}},"20":{"start":{"line":26,"column":19},"end":{"line":26,"column":57}},"21":{"start":{"line":27,"column":4},"end":{"line":27,"column":null}},"22":{"start":{"line":27,"column":16},"end":{"line":27,"column":null}},"23":{"start":{"line":28,"column":24},"end":{"line":28,"column":null}},"24":{"start":{"line":29,"column":4},"end":{"line":29,"column":null}},"25":{"start":{"line":31,"column":8},"end":{"line":31,"column":32}},"26":{"start":{"line":32,"column":20},"end":{"line":32,"column":null}},"27":{"start":{"line":33,"column":21},"end":{"line":33,"column":58}},"28":{"start":{"line":35,"column":2},"end":{"line":42,"column":null}},"29":{"start":{"line":36,"column":4},"end":{"line":39,"column":null}},"30":{"start":{"line":37,"column":6},"end":{"line":37,"column":null}},"31":{"start":{"line":39,"column":6},"end":{"line":39,"column":null}},"32":{"start":{"line":41,"column":4},"end":{"line":41,"column":null}},"33":{"start":{"line":45,"column":4},"end":{"line":45,"column":null}},"34":{"start":{"line":45,"column":21},"end":{"line":45,"column":56}},"35":{"start":{"line":48,"column":2},"end":{"line":82,"column":null}},"36":{"start":{"line":56,"column":65},"end":{"line":56,"column":90}},"37":{"start":{"line":59,"column":30},"end":{"line":59,"column":59}},"38":{"start":{"line":59,"column":53},"end":{"line":59,"column":59}}},"fnMap":{"0":{"name":"(anonymous_0)","decl":{"start":{"line":11,"column":14},"end":{"line":11,"column":25}},"loc":{"start":{"line":11,"column":25},"end":{"line":11,"column":null}},"line":11},"1":{"name":"(anonymous_1)","decl":{"start":{"line":12,"column":17},"end":{"line":12,"column":28}},"loc":{"start":{"line":12,"column":28},"end":{"line":12,"column":null}},"line":12},"2":{"name":"(anonymous_2)","decl":{"start":{"line":13,"column":23},"end":{"line":13,"column":34}},"loc":{"start":{"line":13,"column":34},"end":{"line":13,"column":null}},"line":13},"3":{"name":"(anonymous_3)","decl":{"start":{"line":14,"column":19},"end":{"line":14,"column":30}},"loc":{"start":{"line":14,"column":30},"end":{"line":14,"column":null}},"line":14},"4":{"name":"(anonymous_4)","decl":{"start":{"line":15,"column":18},"end":{"line":15,"column":29}},"loc":{"start":{"line":15,"column":29},"end":{"line":15,"column":null}},"line":15},"5":{"name":"(anonymous_5)","decl":{"start":{"line":16,"column":18},"end":{"line":16,"column":29}},"loc":{"start":{"line":16,"column":29},"end":{"line":16,"column":null}},"line":16},"6":{"name":"(anonymous_6)","decl":{"start":{"line":17,"column":24},"end":{"line":17,"column":35}},"loc":{"start":{"line":17,"column":35},"end":{"line":17,"column":null}},"line":17},"7":{"name":"(anonymous_7)","decl":{"start":{"line":18,"column":20},"end":{"line":18,"column":31}},"loc":{"start":{"line":18,"column":31},"end":{"line":18,"column":null}},"line":18},"8":{"name":"(anonymous_8)","decl":{"start":{"line":19,"column":26},"end":{"line":19,"column":37}},"loc":{"start":{"line":19,"column":37},"end":{"line":19,"column":null}},"line":19},"9":{"name":"App","decl":{"start":{"line":23,"column":24},"end":{"line":23,"column":30}},"loc":{"start":{"line":23,"column":30},"end":{"line":82,"column":null}},"line":23},"10":{"name":"(anonymous_10)","decl":{"start":{"line":25,"column":28},"end":{"line":25,"column":50}},"loc":{"start":{"line":25,"column":50},"end":{"line":30,"column":null}},"line":25},"11":{"name":"(anonymous_11)","decl":{"start":{"line":35,"column":2},"end":{"line":35,"column":18}},"loc":{"start":{"line":35,"column":18},"end":{"line":42,"column":6}},"line":35},"12":{"name":"toggleTheme","decl":{"start":{"line":44,"column":11},"end":{"line":44,"column":25}},"loc":{"start":{"line":44,"column":25},"end":{"line":45,"column":null}},"line":44},"13":{"name":"(anonymous_13)","decl":{"start":{"line":45,"column":4},"end":{"line":45,"column":13}},"loc":{"start":{"line":45,"column":21},"end":{"line":45,"column":56}},"line":45},"14":{"name":"(anonymous_14)","decl":{"start":{"line":56,"column":50},"end":{"line":56,"column":65}},"loc":{"start":{"line":56,"column":65},"end":{"line":56,"column":90}},"line":56},"15":{"name":"(anonymous_15)","decl":{"start":{"line":59,"column":10},"end":{"line":59,"column":30}},"loc":{"start":{"line":59,"column":30},"end":{"line":59,"column":59}},"line":59},"16":{"name":"(anonymous_16)","decl":{"start":{"line":59,"column":30},"end":{"line":59,"column":45}},"loc":{"start":{"line":59,"column":53},"end":{"line":59,"column":59}},"line":59}},"branchMap":{"0":{"loc":{"start":{"line":27,"column":4},"end":{"line":27,"column":null}},"type":"if","locations":[{"start":{"line":27,"column":4},"end":{"line":27,"column":null}},{"start":{},"end":{}}],"line":27},"1":{"loc":{"start":{"line":29,"column":11},"end":{"line":29,"column":null}},"type":"cond-expr","locations":[{"start":{"line":29,"column":25},"end":{"line":29,"column":34}},{"start":{"line":29,"column":34},"end":{"line":29,"column":null}}],"line":29},"2":{"loc":{"start":{"line":36,"column":4},"end":{"line":39,"column":null}},"type":"if","locations":[{"start":{"line":36,"column":4},"end":{"line":39,"column":null}},{"start":{"line":38,"column":11},"end":{"line":39,"column":null}}],"line":36},"3":{"loc":{"start":{"line":45,"column":21},"end":{"line":45,"column":56}},"type":"cond-expr","locations":[{"start":{"line":45,"column":39},"end":{"line":45,"column":49}},{"start":{"line":45,"column":49},"end":{"line":45,"column":56}}],"line":45},"4":{"loc":{"start":{"line":56,"column":7},"end":{"line":56,"column":null}},"type":"binary-expr","locations":[{"start":{"line":56,"column":7},"end":{"line":56,"column":22}},{"start":{"line":56,"column":22},"end":{"line":56,"column":null}}],"line":56},"5":{"loc":{"start":{"line":57,"column":22},"end":{"line":57,"column":null}},"type":"cond-expr","locations":[{"start":{"line":57,"column":35},"end":{"line":57,"column":51}},{"start":{"line":57,"column":51},"end":{"line":57,"column":null}}],"line":57},"6":{"loc":{"start":{"line":58,"column":9},"end":{"line":63,"column":9}},"type":"binary-expr","locations":[{"start":{"line":58,"column":9},"end":{"line":58,"column":24}},{"start":{"line":58,"column":24},"end":{"line":63,"column":9}}],"line":58},"7":{"loc":{"start":{"line":82,"column":7},"end":{"line":82,"column":null}},"type":"binary-expr","locations":[{"start":{"line":82,"column":7},"end":{"line":82,"column":22}},{"start":{"line":82,"column":22},"end":{"line":82,"column":null}}],"line":82}},"s":{"0":0,"1":0,"2":0,"3":0,"4":0,"5":0,"6":0,"7":0,"8":0,"9":0,"10":0,"11":0,"12":0,"13":0,"14":0,"15":0,"16":0,"17":0,"18":0,"19":0,"20":0,"21":0,"22":0,"23":0,"24":0,"25":0,"26":0,"27":0,"28":0,"29":0,"30":0,"31":0,"32":0,"33":0,"34":0,"35":0,"36":0,"37":0,"38":0},"f":{"0":0,"1":0,"2":0,"3":0,"4":0,"5":0,"6":0,"7":0,"8":0,"9":0,"10":0,"11":0,"12":0,"13":0,"14":0,"15":0,"16":0},"b":{"0":[0,0],"1":[0,0],"2":[0,0],"3":[0,0],"4":[0,0],"5":[0,0],"6":[0,0],"7":[0,0]},"meta":{"lastBranch":8,"lastFunction":17,"lastStatement":39,"seen":{"s:11:6:11:Infinity":0,"f:11:14:11:25":0,"s:11:25:11:Infinity":1,"s:12:6:12:Infinity":2,"f:12:17:12:28":1,"s:12:28:12:Infinity":3,"s:13:6:13:Infinity":4,"f:13:23:13:34":2,"s:13:34:13:Infinity":5,"s:14:6:14:Infinity":6,"f:14:19:14:30":3,"s:14:30:14:Infinity":7,"s:15:6:15:Infinity":8,"f:15:18:15:29":4,"s:15:29:15:Infinity":9,"s:16:6:16:Infinity":10,"f:16:18:16:29":5,"s:16:29:16:Infinity":11,"s:17:6:17:Infinity":12,"f:17:24:17:35":6,"s:17:35:17:Infinity":13,"s:18:6:18:Infinity":14,"f:18:20:18:31":7,"s:18:31:18:Infinity":15,"s:19:6:19:Infinity":16,"f:19:26:19:37":8,"s:19:37:19:Infinity":17,"f:23:24:23:30":9,"s:24:22:24:54":18,"s:25:16:30:Infinity":19,"f:25:28:25:50":10,"s:26:19:26:57":20,"b:27:4:27:Infinity:undefined:undefined:undefined:undefined":0,"s:27:4:27:Infinity":21,"s:27:16:27:Infinity":22,"s:28:24:28:Infinity":23,"s:29:4:29:Infinity":24,"b:29:25:29:34:29:34:29:Infinity":1,"s:31:8:31:32":25,"s:32:20:32:Infinity":26,"s:33:21:33:58":27,"s:35:2:42:Infinity":28,"f:35:2:35:18":11,"b:36:4:39:Infinity:38:11:39:Infinity":2,"s:36:4:39:Infinity":29,"s:37:6:37:Infinity":30,"s:39:6:39:Infinity":31,"s:41:4:41:Infinity":32,"f:44:11:44:25":12,"s:45:4:45:Infinity":33,"f:45:4:45:13":13,"s:45:21:45:56":34,"b:45:39:45:49:45:49:45:56":3,"s:48:2:82:Infinity":35,"b:56:7:56:22:56:22:56:Infinity":4,"f:56:50:56:65":14,"s:56:65:56:90":36,"b:57:35:57:51:57:51:57:Infinity":5,"b:58:9:58:24:58:24:63:9":6,"f:59:10:59:30":15,"s:59:30:59:59":37,"f:59:30:59:45":16,"s:59:53:59:59":38,"b:82:7:82:22:82:22:82:Infinity":7}}}
,"/Users/phong/Library/CloudStorage/GoogleDrive-skyfalljoss@gmail.com/My Drive/project/EMS-trainning/frontend/src/config.ts": {"path":"/Users/phong/Library/CloudStorage/GoogleDrive-skyfalljoss@gmail.com/My Drive/project/EMS-trainning/frontend/src/config.ts","statementMap":{"0":{"start":{"line":5,"column":28},"end":{"line":5,"column":null}}},"fnMap":{},"branchMap":{"0":{"loc":{"start":{"line":5,"column":28},"end":{"line":5,"column":null}},"type":"binary-expr","locations":[{"start":{"line":5,"column":28},"end":{"line":5,"column":60}},{"start":{"line":5,"column":60},"end":{"line":5,"column":null}}],"line":5}},"s":{"0":1},"f":{},"b":{"0":[1,0]},"meta":{"lastBranch":1,"lastFunction":0,"lastStatement":1,"seen":{"s:5:28:5:Infinity":0,"b:5:28:5:60:5:60:5:Infinity":0}}}
,"/Users/phong/Library/CloudStorage/GoogleDrive-skyfalljoss@gmail.com/My Drive/project/EMS-trainning/frontend/src/main.tsx": {"path":"/Users/phong/Library/CloudStorage/GoogleDrive-skyfalljoss@gmail.com/My Drive/project/EMS-trainning/frontend/src/main.tsx","statementMap":{"0":{"start":{"line":8,"column":20},"end":{"line":17,"column":2}},"1":{"start":{"line":19,"column":15},"end":{"line":19,"column":46}},"2":{"start":{"line":20,"column":0},"end":{"line":20,"column":null}},"3":{"start":{"line":20,"column":13},"end":{"line":20,"column":null}},"4":{"start":{"line":22,"column":0},"end":{"line":32,"column":null}}},"fnMap":{},"branchMap":{"0":{"loc":{"start":{"line":20,"column":0},"end":{"line":20,"column":null}},"type":"if","locations":[{"start":{"line":20,"column":0},"end":{"line":20,"column":null}},{"start":{},"end":{}}],"line":20}},"s":{"0":0,"1":0,"2":0,"3":0,"4":0},"f":{},"b":{"0":[0,0]},"meta":{"lastBranch":1,"lastFunction":0,"lastStatement":5,"seen":{"s:8:20:17:2":0,"s:19:15:19:46":1,"b:20:0:20:Infinity:undefined:undefined:undefined:undefined":0,"s:20:0:20:Infinity":2,"s:20:13:20:Infinity":3,"s:22:0:32:Infinity":4}}}
,"/Users/phong/Library/CloudStorage/GoogleDrive-skyfalljoss@gmail.com/My Drive/project/EMS-trainning/frontend/src/api/audit.ts": {"path":"/Users/phong/Library/CloudStorage/GoogleDrive-skyfalljoss@gmail.com/My Drive/project/EMS-trainning/frontend/src/api/audit.ts","statementMap":{"0":{"start":{"line":5,"column":2},"end":{"line":5,"column":null}}},"fnMap":{"0":{"name":"listAuditLogs","decl":{"start":{"line":4,"column":16},"end":{"line":4,"column":30}},"loc":{"start":{"line":4,"column":86},"end":{"line":5,"column":null}},"line":4}},"branchMap":{"0":{"loc":{"start":{"line":4,"column":30},"end":{"line":4,"column":42}},"type":"default-arg","locations":[{"start":{"line":4,"column":38},"end":{"line":4,"column":42}}],"line":4}},"s":{"0":0},"f":{"0":0},"b":{"0":[0]},"meta":{"lastBranch":1,"lastFunction":1,"lastStatement":1,"seen":{"f:4:16:4:30":0,"b:4:38:4:42":0,"s:5:2:5:Infinity":0}}}
,"/Users/phong/Library/CloudStorage/GoogleDrive-skyfalljoss@gmail.com/My Drive/project/EMS-trainning/frontend/src/api/auth.ts": {"path":"/Users/phong/Library/CloudStorage/GoogleDrive-skyfalljoss@gmail.com/My Drive/project/EMS-trainning/frontend/src/api/auth.ts","statementMap":{"0":{"start":{"line":11,"column":2},"end":{"line":11,"column":null}},"1":{"start":{"line":19,"column":2},"end":{"line":19,"column":null}},"2":{"start":{"line":26,"column":2},"end":{"line":26,"column":null}},"3":{"start":{"line":35,"column":2},"end":{"line":35,"column":null}},"4":{"start":{"line":39,"column":2},"end":{"line":39,"column":null}},"5":{"start":{"line":43,"column":2},"end":{"line":43,"column":null}},"6":{"start":{"line":47,"column":2},"end":{"line":47,"column":null}},"7":{"start":{"line":54,"column":2},"end":{"line":54,"column":null}},"8":{"start":{"line":58,"column":2},"end":{"line":58,"column":null}}},"fnMap":{"0":{"name":"login","decl":{"start":{"line":10,"column":16},"end":{"line":10,"column":22}},"loc":{"start":{"line":10,"column":79},"end":{"line":11,"column":null}},"line":10},"1":{"name":"register","decl":{"start":{"line":14,"column":16},"end":{"line":14,"column":null}},"loc":{"start":{"line":18,"column":29},"end":{"line":19,"column":null}},"line":18},"2":{"name":"changePassword","decl":{"start":{"line":22,"column":16},"end":{"line":22,"column":null}},"loc":{"start":{"line":25,"column":26},"end":{"line":26,"column":null}},"line":25},"3":{"name":"createAuthUser","decl":{"start":{"line":29,"column":16},"end":{"line":29,"column":null}},"loc":{"start":{"line":34,"column":26},"end":{"line":35,"column":null}},"line":34},"4":{"name":"listAuthUsers","decl":{"start":{"line":38,"column":16},"end":{"line":38,"column":58}},"loc":{"start":{"line":38,"column":58},"end":{"line":39,"column":null}},"line":38},"5":{"name":"activateAuthUser","decl":{"start":{"line":42,"column":16},"end":{"line":42,"column":33}},"loc":{"start":{"line":42,"column":74},"end":{"line":43,"column":null}},"line":42},"6":{"name":"rejectAuthUser","decl":{"start":{"line":46,"column":16},"end":{"line":46,"column":31}},"loc":{"start":{"line":46,"column":66},"end":{"line":47,"column":null}},"line":46},"7":{"name":"updateAuthUserRole","decl":{"start":{"line":50,"column":16},"end":{"line":50,"column":null}},"loc":{"start":{"line":53,"column":26},"end":{"line":54,"column":null}},"line":53},"8":{"name":"getMe","decl":{"start":{"line":57,"column":16},"end":{"line":57,"column":43}},"loc":{"start":{"line":57,"column":43},"end":{"line":58,"column":null}},"line":57}},"branchMap":{},"s":{"0":1,"1":1,"2":1,"3":1,"4":1,"5":1,"6":1,"7":1,"8":1},"f":{"0":1,"1":1,"2":1,"3":1,"4":1,"5":1,"6":1,"7":1,"8":1},"b":{},"meta":{"lastBranch":0,"lastFunction":9,"lastStatement":9,"seen":{"f:10:16:10:22":0,"s:11:2:11:Infinity":0,"f:14:16:14:Infinity":1,"s:19:2:19:Infinity":1,"f:22:16:22:Infinity":2,"s:26:2:26:Infinity":2,"f:29:16:29:Infinity":3,"s:35:2:35:Infinity":3,"f:38:16:38:58":4,"s:39:2:39:Infinity":4,"f:42:16:42:33":5,"s:43:2:43:Infinity":5,"f:46:16:46:31":6,"s:47:2:47:Infinity":6,"f:50:16:50:Infinity":7,"s:54:2:54:Infinity":7,"f:57:16:57:43":8,"s:58:2:58:Infinity":8}}}
,"/Users/phong/Library/CloudStorage/GoogleDrive-skyfalljoss@gmail.com/My Drive/project/EMS-trainning/frontend/src/api/departments.ts": {"path":"/Users/phong/Library/CloudStorage/GoogleDrive-skyfalljoss@gmail.com/My Drive/project/EMS-trainning/frontend/src/api/departments.ts","statementMap":{"0":{"start":{"line":11,"column":16},"end":{"line":12,"column":null}},"1":{"start":{"line":12,"column":49},"end":{"line":12,"column":98}},"2":{"start":{"line":14,"column":2},"end":{"line":14,"column":null}},"3":{"start":{"line":18,"column":2},"end":{"line":18,"column":null}},"4":{"start":{"line":24,"column":2},"end":{"line":24,"column":null}},"5":{"start":{"line":31,"column":2},"end":{"line":31,"column":null}},"6":{"start":{"line":35,"column":2},"end":{"line":35,"column":null}}},"fnMap":{"0":{"name":"listDepartments","decl":{"start":{"line":8,"column":16},"end":{"line":8,"column":null}},"loc":{"start":{"line":10,"column":28},"end":{"line":14,"column":null}},"line":10},"1":{"name":"(anonymous_1)","decl":{"start":{"line":12,"column":28},"end":{"line":12,"column":36}},"loc":{"start":{"line":12,"column":49},"end":{"line":12,"column":98}},"line":12},"2":{"name":"getDepartment","decl":{"start":{"line":17,"column":16},"end":{"line":17,"column":30}},"loc":{"start":{"line":17,"column":75},"end":{"line":18,"column":null}},"line":17},"3":{"name":"createDepartment","decl":{"start":{"line":21,"column":16},"end":{"line":21,"column":null}},"loc":{"start":{"line":23,"column":26},"end":{"line":24,"column":null}},"line":23},"4":{"name":"updateDepartment","decl":{"start":{"line":27,"column":16},"end":{"line":27,"column":null}},"loc":{"start":{"line":30,"column":26},"end":{"line":31,"column":null}},"line":30},"5":{"name":"deleteDepartment","decl":{"start":{"line":34,"column":16},"end":{"line":34,"column":33}},"loc":{"start":{"line":34,"column":72},"end":{"line":35,"column":null}},"line":34}},"branchMap":{"0":{"loc":{"start":{"line":9,"column":2},"end":{"line":9,"column":33}},"type":"default-arg","locations":[{"start":{"line":9,"column":31},"end":{"line":9,"column":33}}],"line":9},"1":{"loc":{"start":{"line":12,"column":49},"end":{"line":12,"column":98}},"type":"binary-expr","locations":[{"start":{"line":12,"column":49},"end":{"line":12,"column":56}},{"start":{"line":12,"column":56},"end":{"line":12,"column":75}},{"start":{"line":12,"column":75},"end":{"line":12,"column":89}},{"start":{"line":12,"column":89},"end":{"line":12,"column":98}}],"line":12}},"s":{"0":2,"1":1,"2":2,"3":1,"4":1,"5":1,"6":1},"f":{"0":2,"1":1,"2":1,"3":1,"4":1,"5":1},"b":{"0":[2],"1":[1,1,1,1]},"meta":{"lastBranch":2,"lastFunction":6,"lastStatement":7,"seen":{"f:8:16:8:Infinity":0,"b:9:31:9:33":0,"s:11:16:12:Infinity":0,"f:12:28:12:36":1,"s:12:49:12:98":1,"b:12:49:12:56:12:56:12:75:12:75:12:89:12:89:12:98":1,"s:14:2:14:Infinity":2,"f:17:16:17:30":2,"s:18:2:18:Infinity":3,"f:21:16:21:Infinity":3,"s:24:2:24:Infinity":4,"f:27:16:27:Infinity":4,"s:31:2:31:Infinity":5,"f:34:16:34:33":5,"s:35:2:35:Infinity":6}}}
,"/Users/phong/Library/CloudStorage/GoogleDrive-skyfalljoss@gmail.com/My Drive/project/EMS-trainning/frontend/src/api/employees.ts": {"path":"/Users/phong/Library/CloudStorage/GoogleDrive-skyfalljoss@gmail.com/My Drive/project/EMS-trainning/frontend/src/api/employees.ts","statementMap":{"0":{"start":{"line":5,"column":16},"end":{"line":6,"column":null}},"1":{"start":{"line":6,"column":49},"end":{"line":6,"column":98}},"2":{"start":{"line":8,"column":2},"end":{"line":8,"column":null}},"3":{"start":{"line":12,"column":2},"end":{"line":12,"column":null}},"4":{"start":{"line":16,"column":2},"end":{"line":16,"column":null}},"5":{"start":{"line":23,"column":2},"end":{"line":23,"column":null}},"6":{"start":{"line":27,"column":2},"end":{"line":27,"column":null}}},"fnMap":{"0":{"name":"listEmployees","decl":{"start":{"line":4,"column":16},"end":{"line":4,"column":30}},"loc":{"start":{"line":4,"column":85},"end":{"line":8,"column":null}},"line":4},"1":{"name":"(anonymous_1)","decl":{"start":{"line":6,"column":28},"end":{"line":6,"column":36}},"loc":{"start":{"line":6,"column":49},"end":{"line":6,"column":98}},"line":6},"2":{"name":"getEmployee","decl":{"start":{"line":11,"column":16},"end":{"line":11,"column":28}},"loc":{"start":{"line":11,"column":71},"end":{"line":12,"column":null}},"line":11},"3":{"name":"createEmployee","decl":{"start":{"line":15,"column":16},"end":{"line":15,"column":31}},"loc":{"start":{"line":15,"column":85},"end":{"line":16,"column":null}},"line":15},"4":{"name":"updateEmployee","decl":{"start":{"line":19,"column":16},"end":{"line":19,"column":null}},"loc":{"start":{"line":22,"column":24},"end":{"line":23,"column":null}},"line":22},"5":{"name":"deleteEmployee","decl":{"start":{"line":26,"column":16},"end":{"line":26,"column":31}},"loc":{"start":{"line":26,"column":70},"end":{"line":27,"column":null}},"line":26}},"branchMap":{"0":{"loc":{"start":{"line":4,"column":30},"end":{"line":4,"column":59}},"type":"default-arg","locations":[{"start":{"line":4,"column":57},"end":{"line":4,"column":59}}],"line":4},"1":{"loc":{"start":{"line":6,"column":49},"end":{"line":6,"column":98}},"type":"binary-expr","locations":[{"start":{"line":6,"column":49},"end":{"line":6,"column":56}},{"start":{"line":6,"column":56},"end":{"line":6,"column":75}},{"start":{"line":6,"column":75},"end":{"line":6,"column":89}},{"start":{"line":6,"column":89},"end":{"line":6,"column":98}}],"line":6}},"s":{"0":4,"1":6,"2":4,"3":2,"4":1,"5":1,"6":1},"f":{"0":4,"1":6,"2":2,"3":1,"4":1,"5":1},"b":{"0":[4],"1":[6,6,5,5]},"meta":{"lastBranch":2,"lastFunction":6,"lastStatement":7,"seen":{"f:4:16:4:30":0,"b:4:57:4:59":0,"s:5:16:6:Infinity":0,"f:6:28:6:36":1,"s:6:49:6:98":1,"b:6:49:6:56:6:56:6:75:6:75:6:89:6:89:6:98":1,"s:8:2:8:Infinity":2,"f:11:16:11:28":2,"s:12:2:12:Infinity":3,"f:15:16:15:31":3,"s:16:2:16:Infinity":4,"f:19:16:19:Infinity":4,"s:23:2:23:Infinity":5,"f:26:16:26:31":5,"s:27:2:27:Infinity":6}}}
,"/Users/phong/Library/CloudStorage/GoogleDrive-skyfalljoss@gmail.com/My Drive/project/EMS-trainning/frontend/src/api/request.ts": {"path":"/Users/phong/Library/CloudStorage/GoogleDrive-skyfalljoss@gmail.com/My Drive/project/EMS-trainning/frontend/src/api/request.ts","statementMap":{"0":{"start":{"line":5,"column":42},"end":{"line":5,"column":74}},"1":{"start":{"line":7,"column":17},"end":{"line":12,"column":null}},"2":{"start":{"line":14,"column":0},"end":{"line":20,"column":null}},"3":{"start":{"line":15,"column":16},"end":{"line":15,"column":51}},"4":{"start":{"line":16,"column":2},"end":{"line":17,"column":null}},"5":{"start":{"line":17,"column":4},"end":{"line":17,"column":null}},"6":{"start":{"line":19,"column":2},"end":{"line":19,"column":null}},"7":{"start":{"line":23,"column":2},"end":{"line":23,"column":null}},"8":{"start":{"line":24,"column":2},"end":{"line":25,"column":null}},"9":{"start":{"line":25,"column":4},"end":{"line":25,"column":null}},"10":{"start":{"line":30,"column":2},"end":{"line":40,"column":null}},"11":{"start":{"line":31,"column":29},"end":{"line":31,"column":null}},"12":{"start":{"line":32,"column":20},"end":{"line":32,"column":null}},"13":{"start":{"line":33,"column":4},"end":{"line":35,"column":null}},"14":{"start":{"line":34,"column":6},"end":{"line":34,"column":null}},"15":{"start":{"line":35,"column":6},"end":{"line":35,"column":null}},"16":{"start":{"line":37,"column":4},"end":{"line":38,"column":null}},"17":{"start":{"line":38,"column":6},"end":{"line":38,"column":null}},"18":{"start":{"line":40,"column":4},"end":{"line":40,"column":null}},"19":{"start":{"line":42,"column":2},"end":{"line":42,"column":null}},"20":{"start":{"line":45,"column":19},"end":{"line":54,"column":null}},"21":{"start":{"line":47,"column":4},"end":{"line":47,"column":69}},"22":{"start":{"line":47,"column":43},"end":{"line":47,"column":50}},"23":{"start":{"line":49,"column":4},"end":{"line":49,"column":76}},"24":{"start":{"line":49,"column":50},"end":{"line":49,"column":57}},"25":{"start":{"line":51,"column":4},"end":{"line":51,"column":75}},"26":{"start":{"line":51,"column":49},"end":{"line":51,"column":56}},"27":{"start":{"line":53,"column":4},"end":{"line":53,"column":null}},"28":{"start":{"line":53,"column":46},"end":{"line":53,"column":53}}},"fnMap":{"0":{"name":"(anonymous_0)","decl":{"start":{"line":14,"column":30},"end":{"line":14,"column":35}},"loc":{"start":{"line":14,"column":46},"end":{"line":20,"column":null}},"line":14},"1":{"name":"redirectToLogin","decl":{"start":{"line":22,"column":9},"end":{"line":22,"column":33}},"loc":{"start":{"line":22,"column":33},"end":{"line":25,"column":null}},"line":22},"2":{"name":"handleError","decl":{"start":{"line":29,"column":9},"end":{"line":29,"column":21}},"loc":{"start":{"line":29,"column":44},"end":{"line":42,"column":null}},"line":29},"3":{"name":"(anonymous_3)","decl":{"start":{"line":46,"column":2},"end":{"line":46,"column":11}},"loc":{"start":{"line":47,"column":4},"end":{"line":47,"column":69}},"line":47},"4":{"name":"(anonymous_4)","decl":{"start":{"line":47,"column":33},"end":{"line":47,"column":38}},"loc":{"start":{"line":47,"column":43},"end":{"line":47,"column":50}},"line":47},"5":{"name":"(anonymous_5)","decl":{"start":{"line":48,"column":2},"end":{"line":48,"column":12}},"loc":{"start":{"line":49,"column":4},"end":{"line":49,"column":76}},"line":49},"6":{"name":"(anonymous_6)","decl":{"start":{"line":49,"column":40},"end":{"line":49,"column":45}},"loc":{"start":{"line":49,"column":50},"end":{"line":49,"column":57}},"line":49},"7":{"name":"(anonymous_7)","decl":{"start":{"line":50,"column":2},"end":{"line":50,"column":11}},"loc":{"start":{"line":51,"column":4},"end":{"line":51,"column":75}},"line":51},"8":{"name":"(anonymous_8)","decl":{"start":{"line":51,"column":39},"end":{"line":51,"column":44}},"loc":{"start":{"line":51,"column":49},"end":{"line":51,"column":56}},"line":51},"9":{"name":"(anonymous_9)","decl":{"start":{"line":52,"column":2},"end":{"line":52,"column":21}},"loc":{"start":{"line":53,"column":4},"end":{"line":53,"column":null}},"line":53},"10":{"name":"(anonymous_10)","decl":{"start":{"line":53,"column":36},"end":{"line":53,"column":41}},"loc":{"start":{"line":53,"column":46},"end":{"line":53,"column":53}},"line":53}},"branchMap":{"0":{"loc":{"start":{"line":10,"column":11},"end":{"line":10,"column":null}},"type":"cond-expr","locations":[{"start":{"line":10,"column":34},"end":{"line":10,"column":49}},{"start":{"line":10,"column":49},"end":{"line":10,"column":null}}],"line":10},"1":{"loc":{"start":{"line":16,"column":2},"end":{"line":17,"column":null}},"type":"if","locations":[{"start":{"line":16,"column":2},"end":{"line":17,"column":null}},{"start":{},"end":{}}],"line":16},"2":{"loc":{"start":{"line":16,"column":6},"end":{"line":16,"column":65}},"type":"binary-expr","locations":[{"start":{"line":16,"column":6},"end":{"line":16,"column":15}},{"start":{"line":16,"column":15},"end":{"line":16,"column":29}},{"start":{"line":16,"column":29},"end":{"line":16,"column":65}}],"line":16},"3":{"loc":{"start":{"line":24,"column":2},"end":{"line":25,"column":null}},"type":"if","locations":[{"start":{"line":24,"column":2},"end":{"line":25,"column":null}},{"start":{},"end":{}}],"line":24},"4":{"loc":{"start":{"line":30,"column":2},"end":{"line":40,"column":null}},"type":"if","locations":[{"start":{"line":30,"column":2},"end":{"line":40,"column":null}},{"start":{},"end":{}}],"line":30},"5":{"loc":{"start":{"line":30,"column":6},"end":{"line":30,"column":51}},"type":"binary-expr","locations":[{"start":{"line":30,"column":6},"end":{"line":30,"column":31}},{"start":{"line":30,"column":35},"end":{"line":30,"column":51}}],"line":30},"6":{"loc":{"start":{"line":33,"column":4},"end":{"line":35,"column":null}},"type":"if","locations":[{"start":{"line":33,"column":4},"end":{"line":35,"column":null}},{"start":{},"end":{}}],"line":33},"7":{"loc":{"start":{"line":37,"column":4},"end":{"line":38,"column":null}},"type":"if","locations":[{"start":{"line":37,"column":4},"end":{"line":38,"column":null}},{"start":{},"end":{}}],"line":37},"8":{"loc":{"start":{"line":38,"column":25},"end":{"line":38,"column":52}},"type":"binary-expr","locations":[{"start":{"line":38,"column":25},"end":{"line":38,"column":35}},{"start":{"line":38,"column":35},"end":{"line":38,"column":52}}],"line":38},"9":{"loc":{"start":{"line":40,"column":23},"end":{"line":40,"column":63}},"type":"binary-expr","locations":[{"start":{"line":40,"column":23},"end":{"line":40,"column":33}},{"start":{"line":40,"column":33},"end":{"line":40,"column":63}}],"line":40}},"s":{"0":1,"1":1,"2":1,"3":5,"4":5,"5":2,"6":5,"7":1,"8":1,"9":1,"10":8,"11":5,"12":5,"13":5,"14":1,"15":1,"16":4,"17":2,"18":2,"19":3,"20":1,"21":10,"22":2,"23":1,"24":1,"25":1,"26":1,"27":1,"28":1},"f":{"0":5,"1":1,"2":8,"3":10,"4":2,"5":1,"6":1,"7":1,"8":1,"9":1,"10":1},"b":{"0":[0,1],"1":[2,3],"2":[5,4,4],"3":[1,0],"4":[5,3],"5":[8,6],"6":[1,4],"7":[2,2],"8":[2,1],"9":[2,1]},"meta":{"lastBranch":10,"lastFunction":11,"lastStatement":29,"seen":{"s:5:42:5:74":0,"s:7:17:12:Infinity":1,"b:10:34:10:49:10:49:10:Infinity":0,"s:14:0:20:Infinity":2,"f:14:30:14:35":0,"s:15:16:15:51":3,"b:16:2:17:Infinity:undefined:undefined:undefined:undefined":1,"s:16:2:17:Infinity":4,"b:16:6:16:15:16:15:16:29:16:29:16:65":2,"s:17:4:17:Infinity":5,"s:19:2:19:Infinity":6,"f:22:9:22:33":1,"s:23:2:23:Infinity":7,"b:24:2:25:Infinity:undefined:undefined:undefined:undefined":3,"s:24:2:25:Infinity":8,"s:25:4:25:Infinity":9,"f:29:9:29:21":2,"b:30:2:40:Infinity:undefined:undefined:undefined:undefined":4,"s:30:2:40:Infinity":10,"b:30:6:30:31:30:35:30:51":5,"s:31:29:31:Infinity":11,"s:32:20:32:Infinity":12,"b:33:4:35:Infinity:undefined:undefined:undefined:undefined":6,"s:33:4:35:Infinity":13,"s:34:6:34:Infinity":14,"s:35:6:35:Infinity":15,"b:37:4:38:Infinity:undefined:undefined:undefined:undefined":7,"s:37:4:38:Infinity":16,"s:38:6:38:Infinity":17,"b:38:25:38:35:38:35:38:52":8,"s:40:4:40:Infinity":18,"b:40:23:40:33:40:33:40:63":9,"s:42:2:42:Infinity":19,"s:45:19:54:Infinity":20,"f:46:2:46:11":3,"s:47:4:47:69":21,"f:47:33:47:38":4,"s:47:43:47:50":22,"f:48:2:48:12":5,"s:49:4:49:76":23,"f:49:40:49:45":6,"s:49:50:49:57":24,"f:50:2:50:11":7,"s:51:4:51:75":25,"f:51:39:51:44":8,"s:51:49:51:56":26,"f:52:2:52:21":9,"s:53:4:53:Infinity":27,"f:53:36:53:41":10,"s:53:46:53:53":28}}}
,"/Users/phong/Library/CloudStorage/GoogleDrive-skyfalljoss@gmail.com/My Drive/project/EMS-trainning/frontend/src/components/ConfirmModal.tsx": {"path":"/Users/phong/Library/CloudStorage/GoogleDrive-skyfalljoss@gmail.com/My Drive/project/EMS-trainning/frontend/src/components/ConfirmModal.tsx","statementMap":{"0":{"start":{"line":22,"column":2},"end":{"line":22,"column":null}},"1":{"start":{"line":22,"column":13},"end":{"line":22,"column":null}},"2":{"start":{"line":24,"column":2},"end":{"line":43,"column":null}},"3":{"start":{"line":26,"column":73},"end":{"line":26,"column":92}}},"fnMap":{"0":{"name":"ConfirmModal","decl":{"start":{"line":13,"column":24},"end":{"line":13,"column":37}},"loc":{"start":{"line":21,"column":10},"end":{"line":43,"column":null}},"line":21},"1":{"name":"(anonymous_1)","decl":{"start":{"line":26,"column":59},"end":{"line":26,"column":68}},"loc":{"start":{"line":26,"column":73},"end":{"line":26,"column":92}},"line":26}},"branchMap":{"0":{"loc":{"start":{"line":22,"column":2},"end":{"line":22,"column":null}},"type":"if","locations":[{"start":{"line":22,"column":2},"end":{"line":22,"column":null}},{"start":{},"end":{}}],"line":22},"1":{"loc":{"start":{"line":39,"column":13},"end":{"line":39,"column":null}},"type":"cond-expr","locations":[{"start":{"line":39,"column":23},"end":{"line":39,"column":39}},{"start":{"line":39,"column":39},"end":{"line":39,"column":null}}],"line":39},"2":{"loc":{"start":{"line":39,"column":39},"end":{"line":39,"column":null}},"type":"binary-expr","locations":[{"start":{"line":39,"column":39},"end":{"line":39,"column":55}},{"start":{"line":39,"column":55},"end":{"line":39,"column":null}}],"line":39}},"s":{"0":0,"1":0,"2":0,"3":0},"f":{"0":0,"1":0},"b":{"0":[0,0],"1":[0,0],"2":[0,0]},"meta":{"lastBranch":3,"lastFunction":2,"lastStatement":4,"seen":{"f:13:24:13:37":0,"b:22:2:22:Infinity:undefined:undefined:undefined:undefined":0,"s:22:2:22:Infinity":0,"s:22:13:22:Infinity":1,"s:24:2:43:Infinity":2,"f:26:59:26:68":1,"s:26:73:26:92":3,"b:39:23:39:39:39:39:39:Infinity":1,"b:39:39:39:55:39:55:39:Infinity":2}}}
,"/Users/phong/Library/CloudStorage/GoogleDrive-skyfalljoss@gmail.com/My Drive/project/EMS-trainning/frontend/src/components/DepartmentFormModal.tsx": {"path":"/Users/phong/Library/CloudStorage/GoogleDrive-skyfalljoss@gmail.com/My Drive/project/EMS-trainning/frontend/src/components/DepartmentFormModal.tsx","statementMap":{"0":{"start":{"line":20,"column":2},"end":{"line":26,"column":null}},"1":{"start":{"line":30,"column":2},"end":{"line":30,"column":null}},"2":{"start":{"line":33,"column":46},"end":{"line":33,"column":null}},"3":{"start":{"line":42,"column":17},"end":{"line":42,"column":null}},"4":{"start":{"line":43,"column":8},"end":{"line":43,"column":46}},"5":{"start":{"line":44,"column":8},"end":{"line":44,"column":46}},"6":{"start":{"line":45,"column":15},"end":{"line":46,"column":null}},"7":{"start":{"line":48,"column":16},"end":{"line":48,"column":40}},"8":{"start":{"line":51,"column":4},"end":{"line":52,"column":null}},"9":{"start":{"line":52,"column":6},"end":{"line":52,"column":77}},"10":{"start":{"line":52,"column":23},"end":{"line":52,"column":77}},"11":{"start":{"line":56,"column":4},"end":{"line":56,"column":null}},"12":{"start":{"line":57,"column":4},"end":{"line":57,"column":null}},"13":{"start":{"line":58,"column":19},"end":{"line":58,"column":51}},"14":{"start":{"line":59,"column":4},"end":{"line":61,"column":null}},"15":{"start":{"line":60,"column":6},"end":{"line":60,"column":null}},"16":{"start":{"line":61,"column":6},"end":{"line":61,"column":null}},"17":{"start":{"line":63,"column":4},"end":{"line":77,"column":null}},"18":{"start":{"line":64,"column":50},"end":{"line":69,"column":null}},"19":{"start":{"line":70,"column":6},"end":{"line":73,"column":null}},"20":{"start":{"line":71,"column":8},"end":{"line":71,"column":null}},"21":{"start":{"line":73,"column":8},"end":{"line":73,"column":null}},"22":{"start":{"line":75,"column":6},"end":{"line":75,"column":null}},"23":{"start":{"line":77,"column":6},"end":{"line":77,"column":null}},"24":{"start":{"line":82,"column":4},"end":{"line":82,"column":null}},"25":{"start":{"line":83,"column":4},"end":{"line":83,"column":null}},"26":{"start":{"line":86,"column":2},"end":{"line":86,"column":null}},"27":{"start":{"line":86,"column":13},"end":{"line":86,"column":null}},"28":{"start":{"line":88,"column":17},"end":{"line":88,"column":null}},"29":{"start":{"line":90,"column":2},"end":{"line":141,"column":null}},"30":{"start":{"line":92,"column":73},"end":{"line":92,"column":92}},"31":{"start":{"line":128,"column":35},"end":{"line":128,"column":null}}},"fnMap":{"0":{"name":"fromDepartment","decl":{"start":{"line":19,"column":9},"end":{"line":19,"column":24}},"loc":{"start":{"line":19,"column":54},"end":{"line":26,"column":null}},"line":19},"1":{"name":"emptyForm","decl":{"start":{"line":29,"column":9},"end":{"line":29,"column":32}},"loc":{"start":{"line":29,"column":32},"end":{"line":30,"column":null}},"line":29},"2":{"name":"DepartmentFormModal","decl":{"start":{"line":41,"column":24},"end":{"line":41,"column":44}},"loc":{"start":{"line":41,"column":82},"end":{"line":141,"column":null}},"line":41},"3":{"name":"setField","decl":{"start":{"line":50,"column":11},"end":{"line":50,"column":47}},"loc":{"start":{"line":50,"column":57},"end":{"line":52,"column":null}},"line":50},"4":{"name":"(anonymous_4)","decl":{"start":{"line":51,"column":4},"end":{"line":51,"column":12}},"loc":{"start":{"line":52,"column":6},"end":{"line":52,"column":77}},"line":52},"5":{"name":"(anonymous_5)","decl":{"start":{"line":52,"column":6},"end":{"line":52,"column":14}},"loc":{"start":{"line":52,"column":23},"end":{"line":52,"column":77}},"line":52},"6":{"name":"handleSubmit","decl":{"start":{"line":55,"column":17},"end":{"line":55,"column":30}},"loc":{"start":{"line":55,"column":61},"end":{"line":77,"column":null}},"line":55},"7":{"name":"handleClose","decl":{"start":{"line":81,"column":11},"end":{"line":81,"column":25}},"loc":{"start":{"line":81,"column":25},"end":{"line":83,"column":null}},"line":81},"8":{"name":"(anonymous_8)","decl":{"start":{"line":92,"column":59},"end":{"line":92,"column":68}},"loc":{"start":{"line":92,"column":73},"end":{"line":92,"column":92}},"line":92},"9":{"name":"(anonymous_9)","decl":{"start":{"line":128,"column":26},"end":{"line":128,"column":30}},"loc":{"start":{"line":128,"column":35},"end":{"line":128,"column":null}},"line":128}},"branchMap":{"0":{"loc":{"start":{"line":23,"column":17},"end":{"line":23,"column":null}},"type":"binary-expr","locations":[{"start":{"line":23,"column":17},"end":{"line":23,"column":34}},{"start":{"line":23,"column":34},"end":{"line":23,"column":null}}],"line":23},"1":{"loc":{"start":{"line":24,"column":10},"end":{"line":24,"column":null}},"type":"binary-expr","locations":[{"start":{"line":24,"column":10},"end":{"line":24,"column":20}},{"start":{"line":24,"column":20},"end":{"line":24,"column":null}}],"line":24},"2":{"loc":{"start":{"line":46,"column":4},"end":{"line":46,"column":67}},"type":"cond-expr","locations":[{"start":{"line":46,"column":27},"end":{"line":46,"column":53}},{"start":{"line":46,"column":56},"end":{"line":46,"column":67}}],"line":46},"3":{"loc":{"start":{"line":46,"column":4},"end":{"line":46,"column":27}},"type":"binary-expr","locations":[{"start":{"line":46,"column":4},"end":{"line":46,"column":14}},{"start":{"line":46,"column":14},"end":{"line":46,"column":27}}],"line":46},"4":{"loc":{"start":{"line":59,"column":4},"end":{"line":61,"column":null}},"type":"if","locations":[{"start":{"line":59,"column":4},"end":{"line":61,"column":null}},{"start":{},"end":{}}],"line":59},"5":{"loc":{"start":{"line":67,"column":21},"end":{"line":67,"column":null}},"type":"binary-expr","locations":[{"start":{"line":67,"column":21},"end":{"line":67,"column":41}},{"start":{"line":67,"column":41},"end":{"line":67,"column":null}}],"line":67},"6":{"loc":{"start":{"line":68,"column":14},"end":{"line":68,"column":null}},"type":"binary-expr","locations":[{"start":{"line":68,"column":14},"end":{"line":68,"column":27}},{"start":{"line":68,"column":27},"end":{"line":68,"column":null}}],"line":68},"7":{"loc":{"start":{"line":70,"column":6},"end":{"line":73,"column":null}},"type":"if","locations":[{"start":{"line":70,"column":6},"end":{"line":73,"column":null}},{"start":{"line":72,"column":13},"end":{"line":73,"column":null}}],"line":70},"8":{"loc":{"start":{"line":70,"column":10},"end":{"line":70,"column":32}},"type":"binary-expr","locations":[{"start":{"line":70,"column":10},"end":{"line":70,"column":20}},{"start":{"line":70,"column":20},"end":{"line":70,"column":32}}],"line":70},"9":{"loc":{"start":{"line":77,"column":15},"end":{"line":77,"column":63}},"type":"cond-expr","locations":[{"start":{"line":77,"column":38},"end":{"line":77,"column":52}},{"start":{"line":77,"column":52},"end":{"line":77,"column":63}}],"line":77},"10":{"loc":{"start":{"line":86,"column":2},"end":{"line":86,"column":null}},"type":"if","locations":[{"start":{"line":86,"column":2},"end":{"line":86,"column":null}},{"start":{},"end":{}}],"line":86},"11":{"loc":{"start":{"line":88,"column":17},"end":{"line":88,"column":null}},"type":"binary-expr","locations":[{"start":{"line":88,"column":17},"end":{"line":88,"column":45}},{"start":{"line":88,"column":45},"end":{"line":88,"column":null}}],"line":88},"12":{"loc":{"start":{"line":94,"column":15},"end":{"line":94,"column":66}},"type":"cond-expr","locations":[{"start":{"line":94,"column":24},"end":{"line":94,"column":44}},{"start":{"line":94,"column":44},"end":{"line":94,"column":66}}],"line":94},"13":{"loc":{"start":{"line":100,"column":9},"end":{"line":103,"column":null}},"type":"binary-expr","locations":[{"start":{"line":100,"column":9},"end":{"line":100,"column":null}},{"start":{"line":101,"column":10},"end":{"line":103,"column":null}}],"line":100},"14":{"loc":{"start":{"line":136,"column":15},"end":{"line":136,"column":null}},"type":"cond-expr","locations":[{"start":{"line":136,"column":24},"end":{"line":136,"column":38}},{"start":{"line":136,"column":38},"end":{"line":136,"column":null}}],"line":136},"15":{"loc":{"start":{"line":136,"column":38},"end":{"line":136,"column":null}},"type":"cond-expr","locations":[{"start":{"line":136,"column":47},"end":{"line":136,"column":69}},{"start":{"line":136,"column":69},"end":{"line":136,"column":null}}],"line":136}},"s":{"0":0,"1":0,"2":0,"3":0,"4":0,"5":0,"6":0,"7":0,"8":0,"9":0,"10":0,"11":0,"12":0,"13":0,"14":0,"15":0,"16":0,"17":0,"18":0,"19":0,"20":0,"21":0,"22":0,"23":0,"24":0,"25":0,"26":0,"27":0,"28":0,"29":0,"30":0,"31":0},"f":{"0":0,"1":0,"2":0,"3":0,"4":0,"5":0,"6":0,"7":0,"8":0,"9":0},"b":{"0":[0,0],"1":[0,0],"2":[0,0],"3":[0,0],"4":[0,0],"5":[0,0],"6":[0,0],"7":[0,0],"8":[0,0],"9":[0,0],"10":[0,0],"11":[0,0],"12":[0,0],"13":[0,0],"14":[0,0],"15":[0,0]},"meta":{"lastBranch":16,"lastFunction":10,"lastStatement":32,"seen":{"f:19:9:19:24":0,"s:20:2:26:Infinity":0,"b:23:17:23:34:23:34:23:Infinity":0,"b:24:10:24:20:24:20:24:Infinity":1,"f:29:9:29:32":1,"s:30:2:30:Infinity":1,"s:33:46:33:Infinity":2,"f:41:24:41:44":2,"s:42:17:42:Infinity":3,"s:43:8:43:46":4,"s:44:8:44:46":5,"s:45:15:46:Infinity":6,"b:46:27:46:53:46:56:46:67":2,"b:46:4:46:14:46:14:46:27":3,"s:48:16:48:40":7,"f:50:11:50:47":3,"s:51:4:52:Infinity":8,"f:51:4:51:12":4,"s:52:6:52:77":9,"f:52:6:52:14":5,"s:52:23:52:77":10,"f:55:17:55:30":6,"s:56:4:56:Infinity":11,"s:57:4:57:Infinity":12,"s:58:19:58:51":13,"b:59:4:61:Infinity:undefined:undefined:undefined:undefined":4,"s:59:4:61:Infinity":14,"s:60:6:60:Infinity":15,"s:61:6:61:Infinity":16,"s:63:4:77:Infinity":17,"s:64:50:69:Infinity":18,"b:67:21:67:41:67:41:67:Infinity":5,"b:68:14:68:27:68:27:68:Infinity":6,"b:70:6:73:Infinity:72:13:73:Infinity":7,"s:70:6:73:Infinity":19,"b:70:10:70:20:70:20:70:32":8,"s:71:8:71:Infinity":20,"s:73:8:73:Infinity":21,"s:75:6:75:Infinity":22,"s:77:6:77:Infinity":23,"b:77:38:77:52:77:52:77:63":9,"f:81:11:81:25":7,"s:82:4:82:Infinity":24,"s:83:4:83:Infinity":25,"b:86:2:86:Infinity:undefined:undefined:undefined:undefined":10,"s:86:2:86:Infinity":26,"s:86:13:86:Infinity":27,"s:88:17:88:Infinity":28,"b:88:17:88:45:88:45:88:Infinity":11,"s:90:2:141:Infinity":29,"f:92:59:92:68":8,"s:92:73:92:92":30,"b:94:24:94:44:94:44:94:66":12,"b:100:9:100:Infinity:101:10:103:Infinity":13,"f:128:26:128:30":9,"s:128:35:128:Infinity":31,"b:136:24:136:38:136:38:136:Infinity":14,"b:136:47:136:69:136:69:136:Infinity":15}}}
,"/Users/phong/Library/CloudStorage/GoogleDrive-skyfalljoss@gmail.com/My Drive/project/EMS-trainning/frontend/src/components/EmployeeFormModal.tsx": {"path":"/Users/phong/Library/CloudStorage/GoogleDrive-skyfalljoss@gmail.com/My Drive/project/EMS-trainning/frontend/src/components/EmployeeFormModal.tsx","statementMap":{"0":{"start":{"line":27,"column":2},"end":{"line":42,"column":null}},"1":{"start":{"line":46,"column":2},"end":{"line":50,"column":null}},"2":{"start":{"line":60,"column":17},"end":{"line":60,"column":null}},"3":{"start":{"line":61,"column":32},"end":{"line":61,"column":57}},"4":{"start":{"line":62,"column":8},"end":{"line":62,"column":44}},"5":{"start":{"line":63,"column":8},"end":{"line":63,"column":44}},"6":{"start":{"line":64,"column":15},"end":{"line":64,"column":100}},"7":{"start":{"line":64,"column":52},"end":{"line":64,"column":99}},"8":{"start":{"line":65,"column":16},"end":{"line":65,"column":40}},"9":{"start":{"line":67,"column":23},"end":{"line":67,"column":93}},"10":{"start":{"line":68,"column":19},"end":{"line":68,"column":48}},"11":{"start":{"line":70,"column":2},"end":{"line":74,"column":null}},"12":{"start":{"line":71,"column":4},"end":{"line":71,"column":null}},"13":{"start":{"line":72,"column":4},"end":{"line":72,"column":null}},"14":{"start":{"line":73,"column":4},"end":{"line":73,"column":null}},"15":{"start":{"line":74,"column":4},"end":{"line":74,"column":null}},"16":{"start":{"line":78,"column":4},"end":{"line":79,"column":null}},"17":{"start":{"line":79,"column":6},"end":{"line":79,"column":77}},"18":{"start":{"line":79,"column":23},"end":{"line":79,"column":77}},"19":{"start":{"line":83,"column":4},"end":{"line":83,"column":null}},"20":{"start":{"line":84,"column":4},"end":{"line":84,"column":null}},"21":{"start":{"line":88,"column":4},"end":{"line":88,"column":null}},"22":{"start":{"line":89,"column":4},"end":{"line":89,"column":null}},"23":{"start":{"line":90,"column":19},"end":{"line":90,"column":49}},"24":{"start":{"line":91,"column":4},"end":{"line":93,"column":null}},"25":{"start":{"line":92,"column":6},"end":{"line":92,"column":null}},"26":{"start":{"line":93,"column":6},"end":{"line":93,"column":null}},"27":{"start":{"line":95,"column":4},"end":{"line":117,"column":null}},"28":{"start":{"line":96,"column":47},"end":{"line":103,"column":null}},"29":{"start":{"line":104,"column":6},"end":{"line":104,"column":null}},"30":{"start":{"line":105,"column":31},"end":{"line":105,"column":null}},"31":{"start":{"line":106,"column":6},"end":{"line":107,"column":null}},"32":{"start":{"line":107,"column":8},"end":{"line":107,"column":null}},"33":{"start":{"line":107,"column":53},"end":{"line":107,"column":null}},"34":{"start":{"line":110,"column":6},"end":{"line":113,"column":null}},"35":{"start":{"line":111,"column":8},"end":{"line":111,"column":null}},"36":{"start":{"line":113,"column":8},"end":{"line":113,"column":null}},"37":{"start":{"line":115,"column":6},"end":{"line":115,"column":null}},"38":{"start":{"line":117,"column":6},"end":{"line":117,"column":null}},"39":{"start":{"line":121,"column":2},"end":{"line":121,"column":null}},"40":{"start":{"line":121,"column":13},"end":{"line":121,"column":null}},"41":{"start":{"line":123,"column":17},"end":{"line":123,"column":null}},"42":{"start":{"line":125,"column":2},"end":{"line":217,"column":null}},"43":{"start":{"line":127,"column":82},"end":{"line":127,"column":101}},"44":{"start":{"line":160,"column":38},"end":{"line":160,"column":96}},"45":{"start":{"line":171,"column":18},"end":{"line":171,"column":null}}},"fnMap":{"0":{"name":"fromEmployee","decl":{"start":{"line":26,"column":9},"end":{"line":26,"column":22}},"loc":{"start":{"line":26,"column":50},"end":{"line":42,"column":null}},"line":26},"1":{"name":"emptyForm","decl":{"start":{"line":45,"column":9},"end":{"line":45,"column":32}},"loc":{"start":{"line":45,"column":32},"end":{"line":50,"column":null}},"line":45},"2":{"name":"EmployeeFormModal","decl":{"start":{"line":59,"column":24},"end":{"line":59,"column":42}},"loc":{"start":{"line":59,"column":78},"end":{"line":217,"column":null}},"line":59},"3":{"name":"(anonymous_3)","decl":{"start":{"line":64,"column":26},"end":{"line":64,"column":52}},"loc":{"start":{"line":64,"column":52},"end":{"line":64,"column":99}},"line":64},"4":{"name":"setField","decl":{"start":{"line":77,"column":11},"end":{"line":77,"column":47}},"loc":{"start":{"line":77,"column":57},"end":{"line":79,"column":null}},"line":77},"5":{"name":"(anonymous_5)","decl":{"start":{"line":78,"column":4},"end":{"line":78,"column":12}},"loc":{"start":{"line":79,"column":6},"end":{"line":79,"column":77}},"line":79},"6":{"name":"(anonymous_6)","decl":{"start":{"line":79,"column":6},"end":{"line":79,"column":14}},"loc":{"start":{"line":79,"column":23},"end":{"line":79,"column":77}},"line":79},"7":{"name":"handleClose","decl":{"start":{"line":82,"column":11},"end":{"line":82,"column":25}},"loc":{"start":{"line":82,"column":25},"end":{"line":84,"column":null}},"line":82},"8":{"name":"handleSubmit","decl":{"start":{"line":87,"column":17},"end":{"line":87,"column":30}},"loc":{"start":{"line":87,"column":61},"end":{"line":117,"column":null}},"line":87},"9":{"name":"(anonymous_9)","decl":{"start":{"line":127,"column":68},"end":{"line":127,"column":77}},"loc":{"start":{"line":127,"column":82},"end":{"line":127,"column":101}},"line":127},"10":{"name":"(anonymous_10)","decl":{"start":{"line":160,"column":29},"end":{"line":160,"column":33}},"loc":{"start":{"line":160,"column":38},"end":{"line":160,"column":96}},"line":160},"11":{"name":"(anonymous_11)","decl":{"start":{"line":170,"column":35},"end":{"line":170,"column":39}},"loc":{"start":{"line":171,"column":18},"end":{"line":171,"column":null}},"line":171}},"branchMap":{"0":{"loc":{"start":{"line":31,"column":26},"end":{"line":31,"column":48}},"type":"binary-expr","locations":[{"start":{"line":31,"column":26},"end":{"line":31,"column":45}},{"start":{"line":31,"column":45},"end":{"line":31,"column":48}}],"line":31},"1":{"loc":{"start":{"line":32,"column":14},"end":{"line":32,"column":null}},"type":"binary-expr","locations":[{"start":{"line":32,"column":14},"end":{"line":32,"column":28}},{"start":{"line":32,"column":28},"end":{"line":32,"column":null}}],"line":32},"2":{"loc":{"start":{"line":34,"column":11},"end":{"line":34,"column":null}},"type":"cond-expr","locations":[{"start":{"line":34,"column":29},"end":{"line":34,"column":39}},{"start":{"line":34,"column":39},"end":{"line":34,"column":null}}],"line":34},"3":{"loc":{"start":{"line":35,"column":14},"end":{"line":35,"column":null}},"type":"cond-expr","locations":[{"start":{"line":35,"column":35},"end":{"line":35,"column":48}},{"start":{"line":35,"column":48},"end":{"line":35,"column":null}}],"line":35},"4":{"loc":{"start":{"line":36,"column":13},"end":{"line":36,"column":null}},"type":"cond-expr","locations":[{"start":{"line":36,"column":33},"end":{"line":36,"column":45}},{"start":{"line":36,"column":45},"end":{"line":36,"column":null}}],"line":36},"5":{"loc":{"start":{"line":37,"column":12},"end":{"line":37,"column":null}},"type":"cond-expr","locations":[{"start":{"line":37,"column":31},"end":{"line":37,"column":68}},{"start":{"line":37,"column":71},"end":{"line":37,"column":null}}],"line":37},"6":{"loc":{"start":{"line":38,"column":12},"end":{"line":38,"column":null}},"type":"cond-expr","locations":[{"start":{"line":38,"column":31},"end":{"line":38,"column":67}},{"start":{"line":38,"column":70},"end":{"line":38,"column":null}}],"line":38},"7":{"loc":{"start":{"line":39,"column":16},"end":{"line":39,"column":null}},"type":"cond-expr","locations":[{"start":{"line":39,"column":34},"end":{"line":39,"column":44}},{"start":{"line":39,"column":44},"end":{"line":39,"column":null}}],"line":39},"8":{"loc":{"start":{"line":40,"column":19},"end":{"line":40,"column":null}},"type":"cond-expr","locations":[{"start":{"line":40,"column":45},"end":{"line":40,"column":63}},{"start":{"line":40,"column":63},"end":{"line":40,"column":null}}],"line":40},"9":{"loc":{"start":{"line":41,"column":17},"end":{"line":41,"column":null}},"type":"cond-expr","locations":[{"start":{"line":41,"column":41},"end":{"line":41,"column":57}},{"start":{"line":41,"column":57},"end":{"line":41,"column":null}}],"line":41},"10":{"loc":{"start":{"line":61,"column":16},"end":{"line":61,"column":32}},"type":"default-arg","locations":[{"start":{"line":61,"column":30},"end":{"line":61,"column":32}}],"line":61},"11":{"loc":{"start":{"line":64,"column":52},"end":{"line":64,"column":99}},"type":"cond-expr","locations":[{"start":{"line":64,"column":63},"end":{"line":64,"column":85}},{"start":{"line":64,"column":88},"end":{"line":64,"column":99}}],"line":64},"12":{"loc":{"start":{"line":70,"column":2},"end":{"line":74,"column":null}},"type":"if","locations":[{"start":{"line":70,"column":2},"end":{"line":74,"column":null}},{"start":{},"end":{}}],"line":70},"13":{"loc":{"start":{"line":70,"column":6},"end":{"line":70,"column":54}},"type":"binary-expr","locations":[{"start":{"line":70,"column":6},"end":{"line":70,"column":35}},{"start":{"line":70,"column":35},"end":{"line":70,"column":54}}],"line":70},"14":{"loc":{"start":{"line":73,"column":12},"end":{"line":73,"column":59}},"type":"cond-expr","locations":[{"start":{"line":73,"column":23},"end":{"line":73,"column":45}},{"start":{"line":73,"column":48},"end":{"line":73,"column":59}}],"line":73},"15":{"loc":{"start":{"line":91,"column":4},"end":{"line":93,"column":null}},"type":"if","locations":[{"start":{"line":91,"column":4},"end":{"line":93,"column":null}},{"start":{},"end":{}}],"line":91},"16":{"loc":{"start":{"line":99,"column":16},"end":{"line":99,"column":null}},"type":"cond-expr","locations":[{"start":{"line":99,"column":30},"end":{"line":99,"column":49}},{"start":{"line":99,"column":52},"end":{"line":99,"column":null}}],"line":99},"17":{"loc":{"start":{"line":100,"column":16},"end":{"line":100,"column":null}},"type":"cond-expr","locations":[{"start":{"line":100,"column":30},"end":{"line":100,"column":49}},{"start":{"line":100,"column":52},"end":{"line":100,"column":null}}],"line":100},"18":{"loc":{"start":{"line":101,"column":20},"end":{"line":101,"column":null}},"type":"binary-expr","locations":[{"start":{"line":101,"column":20},"end":{"line":101,"column":39}},{"start":{"line":101,"column":39},"end":{"line":101,"column":null}}],"line":101},"19":{"loc":{"start":{"line":102,"column":23},"end":{"line":102,"column":null}},"type":"binary-expr","locations":[{"start":{"line":102,"column":23},"end":{"line":102,"column":45}},{"start":{"line":102,"column":45},"end":{"line":102,"column":null}}],"line":102},"20":{"loc":{"start":{"line":107,"column":8},"end":{"line":107,"column":null}},"type":"if","locations":[{"start":{"line":107,"column":8},"end":{"line":107,"column":null}},{"start":{},"end":{}}],"line":107},"21":{"loc":{"start":{"line":107,"column":12},"end":{"line":107,"column":53}},"type":"binary-expr","locations":[{"start":{"line":107,"column":12},"end":{"line":107,"column":33}},{"start":{"line":107,"column":33},"end":{"line":107,"column":53}}],"line":107},"22":{"loc":{"start":{"line":110,"column":6},"end":{"line":113,"column":null}},"type":"if","locations":[{"start":{"line":110,"column":6},"end":{"line":113,"column":null}},{"start":{"line":112,"column":13},"end":{"line":113,"column":null}}],"line":110},"23":{"loc":{"start":{"line":110,"column":10},"end":{"line":110,"column":30}},"type":"binary-expr","locations":[{"start":{"line":110,"column":10},"end":{"line":110,"column":20}},{"start":{"line":110,"column":20},"end":{"line":110,"column":30}}],"line":110},"24":{"loc":{"start":{"line":117,"column":15},"end":{"line":117,"column":63}},"type":"cond-expr","locations":[{"start":{"line":117,"column":38},"end":{"line":117,"column":52}},{"start":{"line":117,"column":52},"end":{"line":117,"column":63}}],"line":117},"25":{"loc":{"start":{"line":121,"column":2},"end":{"line":121,"column":null}},"type":"if","locations":[{"start":{"line":121,"column":2},"end":{"line":121,"column":null}},{"start":{},"end":{}}],"line":121},"26":{"loc":{"start":{"line":123,"column":17},"end":{"line":123,"column":null}},"type":"binary-expr","locations":[{"start":{"line":123,"column":17},"end":{"line":123,"column":45}},{"start":{"line":123,"column":45},"end":{"line":123,"column":null}}],"line":123},"27":{"loc":{"start":{"line":129,"column":15},"end":{"line":129,"column":62}},"type":"cond-expr","locations":[{"start":{"line":129,"column":24},"end":{"line":129,"column":42}},{"start":{"line":129,"column":42},"end":{"line":129,"column":62}}],"line":129},"28":{"loc":{"start":{"line":135,"column":9},"end":{"line":138,"column":null}},"type":"binary-expr","locations":[{"start":{"line":135,"column":9},"end":{"line":135,"column":null}},{"start":{"line":136,"column":10},"end":{"line":138,"column":null}}],"line":135},"29":{"loc":{"start":{"line":212,"column":15},"end":{"line":212,"column":null}},"type":"cond-expr","locations":[{"start":{"line":212,"column":24},"end":{"line":212,"column":38}},{"start":{"line":212,"column":38},"end":{"line":212,"column":null}}],"line":212},"30":{"loc":{"start":{"line":212,"column":38},"end":{"line":212,"column":null}},"type":"cond-expr","locations":[{"start":{"line":212,"column":47},"end":{"line":212,"column":67}},{"start":{"line":212,"column":67},"end":{"line":212,"column":null}}],"line":212}},"s":{"0":0,"1":0,"2":0,"3":0,"4":0,"5":0,"6":0,"7":0,"8":0,"9":0,"10":0,"11":0,"12":0,"13":0,"14":0,"15":0,"16":0,"17":0,"18":0,"19":0,"20":0,"21":0,"22":0,"23":0,"24":0,"25":0,"26":0,"27":0,"28":0,"29":0,"30":0,"31":0,"32":0,"33":0,"34":0,"35":0,"36":0,"37":0,"38":0,"39":0,"40":0,"41":0,"42":0,"43":0,"44":0,"45":0},"f":{"0":0,"1":0,"2":0,"3":0,"4":0,"5":0,"6":0,"7":0,"8":0,"9":0,"10":0,"11":0},"b":{"0":[0,0],"1":[0,0],"2":[0,0],"3":[0,0],"4":[0,0],"5":[0,0],"6":[0,0],"7":[0,0],"8":[0,0],"9":[0,0],"10":[0],"11":[0,0],"12":[0,0],"13":[0,0],"14":[0,0],"15":[0,0],"16":[0,0],"17":[0,0],"18":[0,0],"19":[0,0],"20":[0,0],"21":[0,0],"22":[0,0],"23":[0,0],"24":[0,0],"25":[0,0],"26":[0,0],"27":[0,0],"28":[0,0],"29":[0,0],"30":[0,0]},"meta":{"lastBranch":31,"lastFunction":12,"lastStatement":46,"seen":{"f:26:9:26:22":0,"s:27:2:42:Infinity":0,"b:31:26:31:45:31:45:31:48":0,"b:32:14:32:28:32:28:32:Infinity":1,"b:34:29:34:39:34:39:34:Infinity":2,"b:35:35:35:48:35:48:35:Infinity":3,"b:36:33:36:45:36:45:36:Infinity":4,"b:37:31:37:68:37:71:37:Infinity":5,"b:38:31:38:67:38:70:38:Infinity":6,"b:39:34:39:44:39:44:39:Infinity":7,"b:40:45:40:63:40:63:40:Infinity":8,"b:41:41:41:57:41:57:41:Infinity":9,"f:45:9:45:32":1,"s:46:2:50:Infinity":1,"f:59:24:59:42":2,"s:60:17:60:Infinity":2,"s:61:32:61:57":3,"b:61:30:61:32":10,"s:62:8:62:44":4,"s:63:8:63:44":5,"s:64:15:64:100":6,"f:64:26:64:52":3,"s:64:52:64:99":7,"b:64:63:64:85:64:88:64:99":11,"s:65:16:65:40":8,"s:67:23:67:93":9,"s:68:19:68:48":10,"b:70:2:74:Infinity:undefined:undefined:undefined:undefined":12,"s:70:2:74:Infinity":11,"b:70:6:70:35:70:35:70:54":13,"s:71:4:71:Infinity":12,"s:72:4:72:Infinity":13,"s:73:4:73:Infinity":14,"b:73:23:73:45:73:48:73:59":14,"s:74:4:74:Infinity":15,"f:77:11:77:47":4,"s:78:4:79:Infinity":16,"f:78:4:78:12":5,"s:79:6:79:77":17,"f:79:6:79:14":6,"s:79:23:79:77":18,"f:82:11:82:25":7,"s:83:4:83:Infinity":19,"s:84:4:84:Infinity":20,"f:87:17:87:30":8,"s:88:4:88:Infinity":21,"s:89:4:89:Infinity":22,"s:90:19:90:49":23,"b:91:4:93:Infinity:undefined:undefined:undefined:undefined":15,"s:91:4:93:Infinity":24,"s:92:6:92:Infinity":25,"s:93:6:93:Infinity":26,"s:95:4:117:Infinity":27,"s:96:47:103:Infinity":28,"b:99:30:99:49:99:52:99:Infinity":16,"b:100:30:100:49:100:52:100:Infinity":17,"b:101:20:101:39:101:39:101:Infinity":18,"b:102:23:102:45:102:45:102:Infinity":19,"s:104:6:104:Infinity":29,"s:105:31:105:Infinity":30,"s:106:6:107:Infinity":31,"b:107:8:107:Infinity:undefined:undefined:undefined:undefined":20,"s:107:8:107:Infinity":32,"b:107:12:107:33:107:33:107:53":21,"s:107:53:107:Infinity":33,"b:110:6:113:Infinity:112:13:113:Infinity":22,"s:110:6:113:Infinity":34,"b:110:10:110:20:110:20:110:30":23,"s:111:8:111:Infinity":35,"s:113:8:113:Infinity":36,"s:115:6:115:Infinity":37,"s:117:6:117:Infinity":38,"b:117:38:117:52:117:52:117:63":24,"b:121:2:121:Infinity:undefined:undefined:undefined:undefined":25,"s:121:2:121:Infinity":39,"s:121:13:121:Infinity":40,"s:123:17:123:Infinity":41,"b:123:17:123:45:123:45:123:Infinity":26,"s:125:2:217:Infinity":42,"f:127:68:127:77":9,"s:127:82:127:101":43,"b:129:24:129:42:129:42:129:62":27,"b:135:9:135:Infinity:136:10:138:Infinity":28,"f:160:29:160:33":10,"s:160:38:160:96":44,"f:170:35:170:39":11,"s:171:18:171:Infinity":45,"b:212:24:212:38:212:38:212:Infinity":29,"b:212:47:212:67:212:67:212:Infinity":30}}}
,"/Users/phong/Library/CloudStorage/GoogleDrive-skyfalljoss@gmail.com/My Drive/project/EMS-trainning/frontend/src/components/GuestRoute.tsx": {"path":"/Users/phong/Library/CloudStorage/GoogleDrive-skyfalljoss@gmail.com/My Drive/project/EMS-trainning/frontend/src/components/GuestRoute.tsx","statementMap":{"0":{"start":{"line":10,"column":27},"end":{"line":10,"column":48}},"1":{"start":{"line":12,"column":2},"end":{"line":12,"column":null}},"2":{"start":{"line":12,"column":15},"end":{"line":12,"column":null}},"3":{"start":{"line":13,"column":2},"end":{"line":14,"column":null}},"4":{"start":{"line":14,"column":4},"end":{"line":14,"column":null}},"5":{"start":{"line":16,"column":2},"end":{"line":16,"column":null}}},"fnMap":{"0":{"name":"GuestRoute","decl":{"start":{"line":9,"column":24},"end":{"line":9,"column":35}},"loc":{"start":{"line":9,"column":56},"end":{"line":16,"column":null}},"line":9}},"branchMap":{"0":{"loc":{"start":{"line":12,"column":2},"end":{"line":12,"column":null}},"type":"if","locations":[{"start":{"line":12,"column":2},"end":{"line":12,"column":null}},{"start":{},"end":{}}],"line":12},"1":{"loc":{"start":{"line":13,"column":2},"end":{"line":14,"column":null}},"type":"if","locations":[{"start":{"line":13,"column":2},"end":{"line":14,"column":null}},{"start":{},"end":{}}],"line":13}},"s":{"0":0,"1":0,"2":0,"3":0,"4":0,"5":0},"f":{"0":0},"b":{"0":[0,0],"1":[0,0]},"meta":{"lastBranch":2,"lastFunction":1,"lastStatement":6,"seen":{"f:9:24:9:35":0,"s:10:27:10:48":0,"b:12:2:12:Infinity:undefined:undefined:undefined:undefined":0,"s:12:2:12:Infinity":1,"s:12:15:12:Infinity":2,"b:13:2:14:Infinity:undefined:undefined:undefined:undefined":1,"s:13:2:14:Infinity":3,"s:14:4:14:Infinity":4,"s:16:2:16:Infinity":5}}}
,"/Users/phong/Library/CloudStorage/GoogleDrive-skyfalljoss@gmail.com/My Drive/project/EMS-trainning/frontend/src/components/LoadingSpinner.tsx": {"path":"/Users/phong/Library/CloudStorage/GoogleDrive-skyfalljoss@gmail.com/My Drive/project/EMS-trainning/frontend/src/components/LoadingSpinner.tsx","statementMap":{"0":{"start":{"line":2,"column":2},"end":{"line":5,"column":null}}},"fnMap":{"0":{"name":"LoadingSpinner","decl":{"start":{"line":1,"column":24},"end":{"line":1,"column":41}},"loc":{"start":{"line":1,"column":41},"end":{"line":5,"column":null}},"line":1}},"branchMap":{},"s":{"0":0},"f":{"0":0},"b":{},"meta":{"lastBranch":0,"lastFunction":1,"lastStatement":1,"seen":{"f:1:24:1:41":0,"s:2:2:5:Infinity":0}}}
,"/Users/phong/Library/CloudStorage/GoogleDrive-skyfalljoss@gmail.com/My Drive/project/EMS-trainning/frontend/src/components/ProtectedRoute.tsx": {"path":"/Users/phong/Library/CloudStorage/GoogleDrive-skyfalljoss@gmail.com/My Drive/project/EMS-trainning/frontend/src/components/ProtectedRoute.tsx","statementMap":{"0":{"start":{"line":11,"column":36},"end":{"line":11,"column":68}},"1":{"start":{"line":12,"column":8},"end":{"line":12,"column":32}},"2":{"start":{"line":14,"column":2},"end":{"line":14,"column":null}},"3":{"start":{"line":14,"column":15},"end":{"line":14,"column":null}},"4":{"start":{"line":15,"column":2},"end":{"line":16,"column":null}},"5":{"start":{"line":16,"column":4},"end":{"line":16,"column":null}},"6":{"start":{"line":19,"column":2},"end":{"line":20,"column":null}},"7":{"start":{"line":20,"column":4},"end":{"line":20,"column":null}},"8":{"start":{"line":23,"column":2},"end":{"line":23,"column":null}}},"fnMap":{"0":{"name":"ProtectedRoute","decl":{"start":{"line":10,"column":24},"end":{"line":10,"column":39}},"loc":{"start":{"line":10,"column":60},"end":{"line":23,"column":null}},"line":10}},"branchMap":{"0":{"loc":{"start":{"line":14,"column":2},"end":{"line":14,"column":null}},"type":"if","locations":[{"start":{"line":14,"column":2},"end":{"line":14,"column":null}},{"start":{},"end":{}}],"line":14},"1":{"loc":{"start":{"line":15,"column":2},"end":{"line":16,"column":null}},"type":"if","locations":[{"start":{"line":15,"column":2},"end":{"line":16,"column":null}},{"start":{},"end":{}}],"line":15},"2":{"loc":{"start":{"line":19,"column":2},"end":{"line":20,"column":null}},"type":"if","locations":[{"start":{"line":19,"column":2},"end":{"line":20,"column":null}},{"start":{},"end":{}}],"line":19},"3":{"loc":{"start":{"line":19,"column":6},"end":{"line":19,"column":70}},"type":"binary-expr","locations":[{"start":{"line":19,"column":6},"end":{"line":19,"column":28}},{"start":{"line":19,"column":28},"end":{"line":19,"column":70}}],"line":19}},"s":{"0":0,"1":0,"2":0,"3":0,"4":0,"5":0,"6":0,"7":0,"8":0},"f":{"0":0},"b":{"0":[0,0],"1":[0,0],"2":[0,0],"3":[0,0]},"meta":{"lastBranch":4,"lastFunction":1,"lastStatement":9,"seen":{"f:10:24:10:39":0,"s:11:36:11:68":0,"s:12:8:12:32":1,"b:14:2:14:Infinity:undefined:undefined:undefined:undefined":0,"s:14:2:14:Infinity":2,"s:14:15:14:Infinity":3,"b:15:2:16:Infinity:undefined:undefined:undefined:undefined":1,"s:15:2:16:Infinity":4,"s:16:4:16:Infinity":5,"b:19:2:20:Infinity:undefined:undefined:undefined:undefined":2,"s:19:2:20:Infinity":6,"b:19:6:19:28:19:28:19:70":3,"s:20:4:20:Infinity":7,"s:23:2:23:Infinity":8}}}
,"/Users/phong/Library/CloudStorage/GoogleDrive-skyfalljoss@gmail.com/My Drive/project/EMS-trainning/frontend/src/components/Sidebar.tsx": {"path":"/Users/phong/Library/CloudStorage/GoogleDrive-skyfalljoss@gmail.com/My Drive/project/EMS-trainning/frontend/src/components/Sidebar.tsx","statementMap":{"0":{"start":{"line":15,"column":8},"end":{"line":15,"column":38}},"1":{"start":{"line":16,"column":16},"end":{"line":16,"column":36}},"2":{"start":{"line":17,"column":8},"end":{"line":17,"column":32}},"3":{"start":{"line":18,"column":30},"end":{"line":18,"column":53}},"4":{"start":{"line":20,"column":30},"end":{"line":24,"column":4}},"5":{"start":{"line":26,"column":19},"end":{"line":26,"column":null}},"6":{"start":{"line":27,"column":23},"end":{"line":27,"column":null}},"7":{"start":{"line":27,"column":71},"end":{"line":27,"column":84}},"8":{"start":{"line":29,"column":26},"end":{"line":29,"column":77}},"9":{"start":{"line":29,"column":48},"end":{"line":29,"column":77}},"10":{"start":{"line":30,"column":22},"end":{"line":30,"column":null}},"11":{"start":{"line":31,"column":25},"end":{"line":32,"column":null}},"12":{"start":{"line":33,"column":2},"end":{"line":94,"column":null}},"13":{"start":{"line":35,"column":42},"end":{"line":35,"column":61}},"14":{"start":{"line":39,"column":46},"end":{"line":39,"column":65}},"15":{"start":{"line":40,"column":64},"end":{"line":40,"column":null}},"16":{"start":{"line":46,"column":37},"end":{"line":46,"column":null}},"17":{"start":{"line":47,"column":10},"end":{"line":47,"column":64}},"18":{"start":{"line":55,"column":37},"end":{"line":55,"column":null}},"19":{"start":{"line":56,"column":10},"end":{"line":56,"column":66}},"20":{"start":{"line":67,"column":68},"end":{"line":67,"column":null}},"21":{"start":{"line":79,"column":25},"end":{"line":79,"column":88}},"22":{"start":{"line":86,"column":25},"end":{"line":86,"column":88}},"23":{"start":{"line":92,"column":56},"end":{"line":92,"column":66}},"24":{"start":{"line":92,"column":66},"end":{"line":92,"column":null}}},"fnMap":{"0":{"name":"Sidebar","decl":{"start":{"line":14,"column":29},"end":{"line":14,"column":37}},"loc":{"start":{"line":14,"column":63},"end":{"line":98,"column":null}},"line":14},"1":{"name":"(anonymous_1)","decl":{"start":{"line":27,"column":33},"end":{"line":27,"column":41}},"loc":{"start":{"line":27,"column":71},"end":{"line":27,"column":84}},"line":27},"2":{"name":"(anonymous_2)","decl":{"start":{"line":29,"column":36},"end":{"line":29,"column":41}},"loc":{"start":{"line":29,"column":48},"end":{"line":29,"column":77}},"line":29},"3":{"name":"(anonymous_3)","decl":{"start":{"line":35,"column":28},"end":{"line":35,"column":37}},"loc":{"start":{"line":35,"column":42},"end":{"line":35,"column":61}},"line":35},"4":{"name":"(anonymous_4)","decl":{"start":{"line":39,"column":32},"end":{"line":39,"column":41}},"loc":{"start":{"line":39,"column":46},"end":{"line":39,"column":65}},"line":39},"5":{"name":"(anonymous_5)","decl":{"start":{"line":40,"column":37},"end":{"line":40,"column":49}},"loc":{"start":{"line":40,"column":64},"end":{"line":40,"column":null}},"line":40},"6":{"name":"(anonymous_6)","decl":{"start":{"line":46,"column":10},"end":{"line":46,"column":22}},"loc":{"start":{"line":46,"column":37},"end":{"line":46,"column":null}},"line":46},"7":{"name":"(anonymous_7)","decl":{"start":{"line":47,"column":10},"end":{"line":47,"column":30}},"loc":{"start":{"line":47,"column":10},"end":{"line":47,"column":64}},"line":47},"8":{"name":"(anonymous_8)","decl":{"start":{"line":55,"column":10},"end":{"line":55,"column":22}},"loc":{"start":{"line":55,"column":37},"end":{"line":55,"column":null}},"line":55},"9":{"name":"(anonymous_9)","decl":{"start":{"line":56,"column":10},"end":{"line":56,"column":30}},"loc":{"start":{"line":56,"column":10},"end":{"line":56,"column":66}},"line":56},"10":{"name":"(anonymous_10)","decl":{"start":{"line":67,"column":41},"end":{"line":67,"column":53}},"loc":{"start":{"line":67,"column":68},"end":{"line":67,"column":null}},"line":67},"11":{"name":"(anonymous_11)","decl":{"start":{"line":79,"column":10},"end":{"line":79,"column":25}},"loc":{"start":{"line":79,"column":25},"end":{"line":79,"column":88}},"line":79},"12":{"name":"(anonymous_12)","decl":{"start":{"line":86,"column":10},"end":{"line":86,"column":25}},"loc":{"start":{"line":86,"column":25},"end":{"line":86,"column":88}},"line":86},"13":{"name":"(anonymous_13)","decl":{"start":{"line":92,"column":39},"end":{"line":92,"column":54}},"loc":{"start":{"line":92,"column":54},"end":{"line":92,"column":null}},"line":92}},"branchMap":{"0":{"loc":{"start":{"line":18,"column":16},"end":{"line":18,"column":30}},"type":"default-arg","locations":[{"start":{"line":18,"column":28},"end":{"line":18,"column":30}}],"line":18},"1":{"loc":{"start":{"line":20,"column":16},"end":{"line":20,"column":30}},"type":"default-arg","locations":[{"start":{"line":20,"column":28},"end":{"line":20,"column":30}}],"line":20},"2":{"loc":{"start":{"line":30,"column":22},"end":{"line":30,"column":null}},"type":"binary-expr","locations":[{"start":{"line":30,"column":22},"end":{"line":30,"column":47}},{"start":{"line":30,"column":47},"end":{"line":30,"column":77}},{"start":{"line":30,"column":77},"end":{"line":30,"column":null}}],"line":30},"3":{"loc":{"start":{"line":31,"column":25},"end":{"line":32,"column":null}},"type":"binary-expr","locations":[{"start":{"line":31,"column":25},"end":{"line":31,"column":66}},{"start":{"line":32,"column":4},"end":{"line":32,"column":35}},{"start":{"line":32,"column":39},"end":{"line":32,"column":null}}],"line":31},"4":{"loc":{"start":{"line":34,"column":30},"end":{"line":34,"column":53}},"type":"cond-expr","locations":[{"start":{"line":34,"column":37},"end":{"line":34,"column":47}},{"start":{"line":34,"column":47},"end":{"line":34,"column":53}}],"line":34},"5":{"loc":{"start":{"line":40,"column":64},"end":{"line":40,"column":null}},"type":"cond-expr","locations":[{"start":{"line":40,"column":75},"end":{"line":40,"column":86}},{"start":{"line":40,"column":86},"end":{"line":40,"column":null}}],"line":40},"6":{"loc":{"start":{"line":46,"column":37},"end":{"line":46,"column":null}},"type":"cond-expr","locations":[{"start":{"line":46,"column":48},"end":{"line":46,"column":59}},{"start":{"line":46,"column":59},"end":{"line":46,"column":null}}],"line":46},"7":{"loc":{"start":{"line":55,"column":37},"end":{"line":55,"column":null}},"type":"cond-expr","locations":[{"start":{"line":55,"column":48},"end":{"line":55,"column":59}},{"start":{"line":55,"column":59},"end":{"line":55,"column":null}}],"line":55},"8":{"loc":{"start":{"line":66,"column":9},"end":{"line":73,"column":null}},"type":"binary-expr","locations":[{"start":{"line":66,"column":9},"end":{"line":66,"column":null}},{"start":{"line":67,"column":10},"end":{"line":73,"column":null}}],"line":66},"9":{"loc":{"start":{"line":67,"column":68},"end":{"line":67,"column":null}},"type":"cond-expr","locations":[{"start":{"line":67,"column":79},"end":{"line":67,"column":90}},{"start":{"line":67,"column":90},"end":{"line":67,"column":null}}],"line":67},"10":{"loc":{"start":{"line":70,"column":13},"end":{"line":71,"column":null}},"type":"binary-expr","locations":[{"start":{"line":70,"column":13},"end":{"line":70,"column":null}},{"start":{"line":71,"column":14},"end":{"line":71,"column":null}}],"line":70},"11":{"loc":{"start":{"line":79,"column":25},"end":{"line":79,"column":88}},"type":"binary-expr","locations":[{"start":{"line":79,"column":25},"end":{"line":79,"column":44}},{"start":{"line":79,"column":44},"end":{"line":79,"column":88}}],"line":79},"12":{"loc":{"start":{"line":80,"column":27},"end":{"line":80,"column":68}},"type":"cond-expr","locations":[{"start":{"line":80,"column":45},"end":{"line":80,"column":57}},{"start":{"line":80,"column":57},"end":{"line":80,"column":68}}],"line":80},"13":{"loc":{"start":{"line":86,"column":25},"end":{"line":86,"column":88}},"type":"binary-expr","locations":[{"start":{"line":86,"column":25},"end":{"line":86,"column":44}},{"start":{"line":86,"column":44},"end":{"line":86,"column":88}}],"line":86},"14":{"loc":{"start":{"line":87,"column":27},"end":{"line":87,"column":68}},"type":"cond-expr","locations":[{"start":{"line":87,"column":45},"end":{"line":87,"column":57}},{"start":{"line":87,"column":57},"end":{"line":87,"column":68}}],"line":87},"15":{"loc":{"start":{"line":90,"column":33},"end":{"line":90,"column":57}},"type":"binary-expr","locations":[{"start":{"line":90,"column":33},"end":{"line":90,"column":47}},{"start":{"line":90,"column":47},"end":{"line":90,"column":57}}],"line":90}},"s":{"0":0,"1":0,"2":0,"3":0,"4":0,"5":0,"6":0,"7":0,"8":0,"9":0,"10":0,"11":0,"12":0,"13":0,"14":0,"15":0,"16":0,"17":0,"18":0,"19":0,"20":0,"21":0,"22":0,"23":0,"24":0},"f":{"0":0,"1":0,"2":0,"3":0,"4":0,"5":0,"6":0,"7":0,"8":0,"9":0,"10":0,"11":0,"12":0,"13":0},"b":{"0":[0],"1":[0],"2":[0,0,0],"3":[0,0,0],"4":[0,0],"5":[0,0],"6":[0,0],"7":[0,0],"8":[0,0],"9":[0,0],"10":[0,0],"11":[0,0],"12":[0,0],"13":[0,0],"14":[0,0],"15":[0,0]},"meta":{"lastBranch":16,"lastFunction":14,"lastStatement":25,"seen":{"f:14:29:14:37":0,"s:15:8:15:38":0,"s:16:16:16:36":1,"s:17:8:17:32":2,"s:18:30:18:53":3,"b:18:28:18:30":0,"s:20:30:24:4":4,"b:20:28:20:30":1,"s:26:19:26:Infinity":5,"s:27:23:27:Infinity":6,"f:27:33:27:41":1,"s:27:71:27:84":7,"s:29:26:29:77":8,"f:29:36:29:41":2,"s:29:48:29:77":9,"s:30:22:30:Infinity":10,"b:30:22:30:47:30:47:30:77:30:77:30:Infinity":2,"s:31:25:32:Infinity":11,"b:31:25:31:66:32:4:32:35:32:39:32:Infinity":3,"s:33:2:94:Infinity":12,"b:34:37:34:47:34:47:34:53":4,"f:35:28:35:37":3,"s:35:42:35:61":13,"f:39:32:39:41":4,"s:39:46:39:65":14,"f:40:37:40:49":5,"s:40:64:40:Infinity":15,"b:40:75:40:86:40:86:40:Infinity":5,"f:46:10:46:22":6,"s:46:37:46:Infinity":16,"b:46:48:46:59:46:59:46:Infinity":6,"f:47:10:47:30":7,"s:47:10:47:64":17,"f:55:10:55:22":8,"s:55:37:55:Infinity":18,"b:55:48:55:59:55:59:55:Infinity":7,"f:56:10:56:30":9,"s:56:10:56:66":19,"b:66:9:66:Infinity:67:10:73:Infinity":8,"f:67:41:67:53":10,"s:67:68:67:Infinity":20,"b:67:79:67:90:67:90:67:Infinity":9,"b:70:13:70:Infinity:71:14:71:Infinity":10,"f:79:10:79:25":11,"s:79:25:79:88":21,"b:79:25:79:44:79:44:79:88":11,"b:80:45:80:57:80:57:80:68":12,"f:86:10:86:25":12,"s:86:25:86:88":22,"b:86:25:86:44:86:44:86:88":13,"b:87:45:87:57:87:57:87:68":14,"b:90:33:90:47:90:47:90:57":15,"f:92:39:92:54":13,"s:92:56:92:66":23,"s:92:66:92:Infinity":24}}}
,"/Users/phong/Library/CloudStorage/GoogleDrive-skyfalljoss@gmail.com/My Drive/project/EMS-trainning/frontend/src/components/TopBar.tsx": {"path":"/Users/phong/Library/CloudStorage/GoogleDrive-skyfalljoss@gmail.com/My Drive/project/EMS-trainning/frontend/src/components/TopBar.tsx","statementMap":{"0":{"start":{"line":7,"column":39},"end":{"line":12,"column":null}},"1":{"start":{"line":25,"column":16},"end":{"line":25,"column":36}},"2":{"start":{"line":26,"column":8},"end":{"line":26,"column":32}},"3":{"start":{"line":27,"column":8},"end":{"line":27,"column":32}},"4":{"start":{"line":29,"column":22},"end":{"line":29,"column":52}},"5":{"start":{"line":30,"column":22},"end":{"line":30,"column":55}},"6":{"start":{"line":31,"column":8},"end":{"line":31,"column":48}},"7":{"start":{"line":33,"column":30},"end":{"line":33,"column":53}},"8":{"start":{"line":34,"column":32},"end":{"line":34,"column":57}},"9":{"start":{"line":36,"column":26},"end":{"line":36,"column":77}},"10":{"start":{"line":36,"column":48},"end":{"line":36,"column":77}},"11":{"start":{"line":37,"column":22},"end":{"line":37,"column":null}},"12":{"start":{"line":39,"column":2},"end":{"line":47,"column":null}},"13":{"start":{"line":41,"column":6},"end":{"line":42,"column":null}},"14":{"start":{"line":42,"column":8},"end":{"line":42,"column":null}},"15":{"start":{"line":45,"column":4},"end":{"line":45,"column":null}},"16":{"start":{"line":46,"column":4},"end":{"line":46,"column":null}},"17":{"start":{"line":46,"column":17},"end":{"line":46,"column":78}},"18":{"start":{"line":49,"column":21},"end":{"line":52,"column":15}},"19":{"start":{"line":50,"column":4},"end":{"line":51,"column":63}},"20":{"start":{"line":54,"column":22},"end":{"line":56,"column":15}},"21":{"start":{"line":55,"column":4},"end":{"line":55,"column":63}},"22":{"start":{"line":59,"column":4},"end":{"line":59,"column":null}},"23":{"start":{"line":60,"column":4},"end":{"line":60,"column":null}},"24":{"start":{"line":61,"column":4},"end":{"line":61,"column":null}},"25":{"start":{"line":64,"column":18},"end":{"line":64,"column":null}},"26":{"start":{"line":65,"column":16},"end":{"line":65,"column":null}},"27":{"start":{"line":68,"column":4},"end":{"line":68,"column":null}},"28":{"start":{"line":69,"column":4},"end":{"line":69,"column":null}},"29":{"start":{"line":72,"column":2},"end":{"line":153,"column":null}},"30":{"start":{"line":91,"column":16},"end":{"line":91,"column":null}},"31":{"start":{"line":92,"column":16},"end":{"line":92,"column":null}},"32":{"start":{"line":94,"column":29},"end":{"line":94,"column":null}},"33":{"start":{"line":105,"column":20},"end":{"line":112,"column":null}},"34":{"start":{"line":107,"column":37},"end":{"line":107,"column":73}},"35":{"start":{"line":118,"column":20},"end":{"line":124,"column":null}},"36":{"start":{"line":120,"column":37},"end":{"line":120,"column":76}},"37":{"start":{"line":139,"column":27},"end":{"line":139,"column":90}}},"fnMap":{"0":{"name":"TopBar","decl":{"start":{"line":20,"column":24},"end":{"line":20,"column":31}},"loc":{"start":{"line":24,"column":10},"end":{"line":153,"column":null}},"line":24},"1":{"name":"(anonymous_1)","decl":{"start":{"line":36,"column":36},"end":{"line":36,"column":41}},"loc":{"start":{"line":36,"column":48},"end":{"line":36,"column":77}},"line":36},"2":{"name":"(anonymous_2)","decl":{"start":{"line":39,"column":2},"end":{"line":39,"column":18}},"loc":{"start":{"line":39,"column":18},"end":{"line":47,"column":7}},"line":39},"3":{"name":"handleClickOutside","decl":{"start":{"line":40,"column":13},"end":{"line":40,"column":32}},"loc":{"start":{"line":40,"column":47},"end":{"line":42,"column":null}},"line":40},"4":{"name":"(anonymous_4)","decl":{"start":{"line":46,"column":4},"end":{"line":46,"column":17}},"loc":{"start":{"line":46,"column":17},"end":{"line":46,"column":78}},"line":46},"5":{"name":"(anonymous_5)","decl":{"start":{"line":49,"column":64},"end":{"line":49,"column":71}},"loc":{"start":{"line":50,"column":4},"end":{"line":51,"column":63}},"line":50},"6":{"name":"(anonymous_6)","decl":{"start":{"line":54,"column":67},"end":{"line":54,"column":74}},"loc":{"start":{"line":55,"column":4},"end":{"line":55,"column":63}},"line":55},"7":{"name":"handleSelect","decl":{"start":{"line":58,"column":11},"end":{"line":58,"column":24}},"loc":{"start":{"line":58,"column":38},"end":{"line":61,"column":null}},"line":58},"8":{"name":"handleLogout","decl":{"start":{"line":67,"column":11},"end":{"line":67,"column":26}},"loc":{"start":{"line":67,"column":26},"end":{"line":69,"column":null}},"line":67},"9":{"name":"(anonymous_9)","decl":{"start":{"line":90,"column":14},"end":{"line":90,"column":24}},"loc":{"start":{"line":90,"column":29},"end":{"line":92,"column":null}},"line":90},"10":{"name":"(anonymous_10)","decl":{"start":{"line":94,"column":14},"end":{"line":94,"column":29}},"loc":{"start":{"line":94,"column":29},"end":{"line":94,"column":null}},"line":94},"11":{"name":"(anonymous_11)","decl":{"st
[...]
":{"line":79,"column":null}},{"start":{},"end":{}}],"line":79},"23":{"loc":{"start":{"line":89,"column":4},"end":{"line":91,"column":null}},"type":"if","locations":[{"start":{"line":89,"column":4},"end":{"line":91,"column":null}},{"start":{},"end":{}}],"line":89},"24":{"loc":{"start":{"line":91,"column":6},"end":{"line":91,"column":null}},"type":"if","locations":[{"start":{"line":91,"column":6},"end":{"line":91,"column":null}},{"start":{},"end":{}}],"line":91},"25":{"loc":{"start":{"line":95,"column":4},"end":{"line":95,"column":null}},"type":"if","locations":[{"start":{"line":95,"column":4},"end":{"line":95,"column":null}},{"start":{},"end":{}}],"line":95},"26":{"loc":{"start":{"line":96,"column":17},"end":{"line":96,"column":34}},"type":"binary-expr","locations":[{"start":{"line":96,"column":17},"end":{"line":96,"column":27}},{"start":{"line":96,"column":31},"end":{"line":96,"column":34}}],"line":96},"27":{"loc":{"start":{"line":105,"column":4},"end":{"line":107,"column":null}},"type":"if","locations":[{"start":{"line":105,"column":4},"end":{"line":107,"column":null}},{"start":{},"end":{}}],"line":105},"28":{"loc":{"start":{"line":107,"column":6},"end":{"line":107,"column":null}},"type":"if","locations":[{"start":{"line":107,"column":6},"end":{"line":107,"column":null}},{"start":{},"end":{}}],"line":107},"29":{"loc":{"start":{"line":111,"column":4},"end":{"line":111,"column":null}},"type":"if","locations":[{"start":{"line":111,"column":4},"end":{"line":111,"column":null}},{"start":{},"end":{}}],"line":111},"30":{"loc":{"start":{"line":112,"column":35},"end":{"line":112,"column":60}},"type":"binary-expr","locations":[{"start":{"line":112,"column":35},"end":{"line":112,"column":48}},{"start":{"line":112,"column":48},"end":{"line":112,"column":60}}],"line":112},"31":{"loc":{"start":{"line":112,"column":67},"end":{"line":112,"column":98}},"type":"binary-expr","locations":[{"start":{"line":112,"column":67},"end":{"line":112,"column":81}},{"start":{"line":112,"column":81},"end":{"line":112,"column":98}}],"line":112},"32":{"loc":{"start":{"line":112,"column":104},"end":{"line":112,"column":129}},"type":"binary-expr","locations":[{"start":{"line":112,"column":104},"end":{"line":112,"column":117}},{"start":{"line":112,"column":117},"end":{"line":112,"column":129}}],"line":112},"33":{"loc":{"start":{"line":112,"column":137},"end":{"line":112,"column":162}},"type":"binary-expr","locations":[{"start":{"line":112,"column":137},"end":{"line":112,"column":152}},{"start":{"line":112,"column":152},"end":{"line":112,"column":162}}],"line":112},"34":{"loc":{"start":{"line":112,"column":168},"end":{"line":112,"column":199}},"type":"binary-expr","locations":[{"start":{"line":112,"column":168},"end":{"line":112,"column":187}},{"start":{"line":112,"column":187},"end":{"line":112,"column":199}}],"line":112},"35":{"loc":{"start":{"line":112,"column":214},"end":{"line":112,"column":239}},"type":"binary-expr","locations":[{"start":{"line":112,"column":214},"end":{"line":112,"column":236}},{"start":{"line":112,"column":236},"end":{"line":112,"column":239}}],"line":112},"36":{"loc":{"start":{"line":112,"column":277},"end":{"line":112,"column":301}},"type":"binary-expr","locations":[{"start":{"line":112,"column":277},"end":{"line":112,"column":290}},{"start":{"line":112,"column":290},"end":{"line":112,"column":301}}],"line":112},"37":{"loc":{"start":{"line":121,"column":4},"end":{"line":123,"column":null}},"type":"if","locations":[{"start":{"line":121,"column":4},"end":{"line":123,"column":null}},{"start":{},"end":{}}],"line":121},"38":{"loc":{"start":{"line":123,"column":6},"end":{"line":123,"column":null}},"type":"if","locations":[{"start":{"line":123,"column":6},"end":{"line":123,"column":null}},{"start":{},"end":{}}],"line":123},"39":{"loc":{"start":{"line":127,"column":4},"end":{"line":127,"column":null}},"type":"if","locations":[{"start":{"line":127,"column":4},"end":{"line":127,"column":null}},{"start":{},"end":{}}],"line":127},"40":{"loc":{"start":{"line":128,"column":17},"end":{"line":128,"column":34}},"type":"binary-expr","locations":[{"start":{"line":128,"column":17},"end":{"line":128,"column":27}},{"start":{"line":128,"column":31},"end":{"line":128,"column":34}}],"line":128},"41":{"loc":{"start":{"line":128,"column":40},"end":{"line":128,"column":68}},"type":"binary-expr","locations":[{"start":{"line":128,"column":40},"end":{"line":128,"column":53}},{"start":{"line":128,"column":53},"end":{"line":128,"column":68}}],"line":128},"42":{"loc":{"start":{"line":128,"column":75},"end":{"line":128,"column":106}},"type":"binary-expr","locations":[{"start":{"line":128,"column":75},"end":{"line":128,"column":89}},{"start":{"line":128,"column":89},"end":{"line":128,"column":106}}],"line":128},"43":{"loc":{"start":{"line":128,"column":112},"end":{"line":128,"column":137}},"type":"binary-expr","locations":[{"start":{"line":128,"column":112},"end":{"line":128,"column":125}},{"start":{"line":128,"column":125},"end":{"line":128,"column":137}}],"line":128},"44":{"loc":{"start":{"line":128,"column":145},"end":{"line":128,"column":170}},"type":"binary-expr","locations":[{"start":{"line":128,"column":145},"end":{"line":128,"column":160}},{"start":{"line":128,"column":160},"end":{"line":128,"column":170}}],"line":128},"45":{"loc":{"start":{"line":128,"column":176},"end":{"line":128,"column":207}},"type":"binary-expr","locations":[{"start":{"line":128,"column":176},"end":{"line":128,"column":195}},{"start":{"line":128,"column":195},"end":{"line":128,"column":207}}],"line":128},"46":{"loc":{"start":{"line":128,"column":222},"end":{"line":128,"column":247}},"type":"binary-expr","locations":[{"start":{"line":128,"column":222},"end":{"line":128,"column":244}},{"start":{"line":128,"column":244},"end":{"line":128,"column":247}}],"line":128},"47":{"loc":{"start":{"line":128,"column":285},"end":{"line":128,"column":312}},"type":"binary-expr","locations":[{"start":{"line":128,"column":285},"end":{"line":128,"column":298}},{"start":{"line":128,"column":298},"end":{"line":128,"column":312}}],"line":128},"48":{"loc":{"start":{"line":136,"column":4},"end":{"line":136,"column":null}},"type":"if","locations":[{"start":{"line":136,"column":4},"end":{"line":136,"column":null}},{"start":{},"end":{}}],"line":136}},"s":{"0":1,"1":12,"2":12,"3":12,"4":88,"5":12,"6":5,"7":4,"8":1,"9":5,"10":4,"11":1,"12":10,"13":9,"14":1,"15":10,"16":5,"17":8,"18":8,"19":2,"20":0,"21":2,"22":2,"23":1,"24":2,"25":2,"26":2,"27":1,"28":2,"29":6,"30":4,"31":2,"32":2,"33":2,"34":1,"35":2,"36":2,"37":2,"38":0,"39":2,"40":2,"41":0,"42":2,"43":3,"44":3,"45":1,"46":0,"47":1,"48":1,"49":0,"50":0,"51":0,"52":0,"53":1,"54":2,"55":1,"56":1,"57":2,"58":2,"59":1,"60":0,"61":1,"62":1,"63":0,"64":0,"65":0,"66":0,"67":1,"68":1,"69":0,"70":1,"71":2,"72":2,"73":1,"74":0,"75":1,"76":1,"77":0,"78":0,"79":0,"80":0,"81":1,"82":1,"83":0,"84":1,"85":3,"86":3,"87":2,"88":1},"f":{"0":12,"1":5,"2":5,"3":10,"4":5,"5":8,"6":0,"7":2,"8":2,"9":0,"10":0,"11":3,"12":0,"13":0,"14":2,"15":0,"16":0,"17":2,"18":0,"19":0,"20":3},"b":{"0":[12,0],"1":[4,1],"2":[5,5],"3":[4,1],"4":[5,5],"5":[9,1],"6":[1,0],"7":[5,5,2],"8":[5,4],"9":[5,0],"10":[5,4],"11":[5,5],"12":[5,5],"13":[5,5],"14":[5,5],"15":[5,5],"16":[8],"17":[1,1],"18":[2,1],"19":[4,2],"20":[1,1],"21":[0,2],"22":[0,2],"23":[0,1],"24":[0,0],"25":[1,1],"26":[1,0],"27":[0,1],"28":[0,0],"29":[0,1],"30":[1,0],"31":[1,1],"32":[1,0],"33":[1,1],"34":[1,1],"35":[1,1],"36":[1,0],"37":[0,1],"38":[0,0],"39":[0,1],"40":[1,0],"41":[1,0],"42":[1,1],"43":[1,1],"44":[1,1],"45":[1,1],"46":[1,1],"47":[1,0],"48":[1,1]},"meta":{"lastBranch":49,"lastFunction":21,"lastStatement":89,"seen":{"s:12:15:12:Infinity":0,"f:14:9:14:19":0,"s:15:13:15:Infinity":1,"s:16:2:16:Infinity":2,"s:16:15:16:18":3,"s:16:40:16:Infinity":4,"s:17:2:17:Infinity":5,"b:17:9:17:51:17:51:17:Infinity":0,"f:20:9:20:22":1,"b:21:2:21:Infinity:undefined:undefined:undefined:undefined":1,"s:21:2:21:Infinity":6,"b:21:6:21:20:21:20:21:37":2,"s:21:37:21:Infinity":7,"s:22:2:22:Infinity":8,"f:25:9:25:22":2,"b:26:2:26:Infinity:undefined:undefined:undefined:undefined":3,"s:26:2:26:Infinity":9,"b:26:6:26:20:26:20:26:37":4,"s:26:37:26:Infinity":10,"s:27:2:27:Infinity":11,"f:30:9:30:20":3,"b:31:2:31:Infinity:undefined:undefined:undefined:undefined":5,"s:31:2:31:Infinity":12,"s:31:10:31:Infinity":13,"s:32:12:32:49":14,"b:32:36:32:40:32:40:32:49":6,"s:33:2:33:Infinity":15,"f:36:9:36:20":4,"s:37:2:54:Infinity":16,"b:41:10:41:28:41:28:41:40:41:40:41:Infinity":7,"b:42:19:42:40:42:40:42:Infinity":8,"b:44:12:44:26:44:26:44:Infinity":9,"b:45:22:45:40:45:40:45:50":10,"b:46:11:46:24:46:24:46:43":11,"b:47:11:47:24:47:24:47:Infinity":12,"b:48:14:48:30:48:30:48:Infinity":13,"b:49:13:49:28:49:28:49:Infinity":14,"b:53:17:53:36:53:36:53:Infinity":15,"f:57:22:57:36":5,"b:57:63:57:65":16,"s:58:2:80:Infinity":17,"s:59:17:59:49":18,"s:60:18:60:65":19,"f:60:50:60:62":6,"s:60:62:60:64":20,"s:61:44:61:46":21,"s:62:4:62:Infinity":22,"s:62:27:62:Infinity":23,"s:63:4:69:Infinity":24,"f:63:16:63:20":7,"s:64:17:64:30":25,"b:65:6:66:Infinity:undefined:undefined:undefined:undefined":17,"s:65:6:66:Infinity":26,"b:65:10:65:37:65:37:65:63":18,"s:66:8:66:Infinity":27,"s:68:6:68:Infinity":28,"b:71:4:71:Infinity:undefined:undefined:undefined:undefined":19,"s:71:4:71:Infinity":29,"s:71:25:71:Infinity":30,"s:72:42:74:Infinity":31,"s:76:14:76:Infinity":32,"b:77:4:77:Infinity:undefined:undefined:undefined:undefined":20,"s:77:4:77:Infinity":33,"s:77:24:77:Infinity":34,"f:77:34:77:41":8,"s:77:46:77:74":35,"b:78:4:78:Infinity:undefined:undefined:undefined:undefined":21,"s:78:4:78:Infinity":36,"s:78:31:78:Infinity":37,"f:78:41:78:48":9,"s:78:53:78:110":38,"b:79:4:79:Infinity:undefined:undefined:undefined:undefined":22,"s:79:4:79:Infinity":39,"s:79:22:79:Infinity":40,"f:79:32:79:39":10,"s:79:44:79:102":41,"s:80:4:80:Infinity":42,"f:84:22:84:34":11,"s:85:2:96:Infinity":43,"s:86:17:86:42":44,"s:87:18:87:65":45,"f:87:50:87:62":12,"s:87:62:87:64":46,"s:88:15:88:31":47,"b:89:4:91:Infinity:undefined:undefined:undefined:undefined":23,"s:89:4:91:Infinity":48,"s:90:16:90:66":49,"f:90:22:90:27":13,"s:90:35:90:66":50,"b:91:6:91:Infinity:undefined:undefined:undefined:undefined":24,"s:91:6:91:Infinity":51,"s:91:13:91:Infinity":52,"s:93:4:93:Infinity":53,"b:95:4:95:Infinity:undefined:undefined:undefined:undefined":25,"s:95:4:95:Infinity":54,"s:95:25:95:Infinity":55,"s:96:4:96:Infinity":56,"b:96:17:96:27:96:31:96:34":26,"f:100:22:100:37":14,"s:101:2:112:Infinity":57,"s:102:16:102:46":58,"s:103:18:103:65":59,"f:103:50:103:62":15,"s:103:62:103:64":60,"s:104:15:104:30":61,"b:105:4:107:Infinity:undefined:undefined:undefined:undefined":27,"s:105:4:107:Infinity":62,"s:106:16:106:65":63,"f:106:22:106:27":16,"s:106:35:106:65":64,"b:107:6:107:Infinity:undefined:undefined:undefined:undefined":28,"s:107:6:107:Infinity":65,"s:107:13:107:Infinity":66,"s:109:4:109:Infinity":67,"b:111:4:111:Infinity:undefined:undefined:undefined:undefined":29,"s:111:4:111:Infinity":68,"s:111:25:111:Infinity":69,"s:112:4:112:Infinity":70,"b:112:35:112:48:112:48:112:60":30,"b:112:67:112:81:112:81:112:98":31,"b:112:104:112:117:112:117:112:129":32,"b:112:137:112:152:112:152:112:162":33,"b:112:168:112:187:112:187:112:199":34,"b:112:214:112:236:112:236:112:239":35,"b:112:277:112:290:112:290:112:301":36,"f:116:22:116:37":17,"s:117:2:128:Infinity":71,"s:118:16:118:50":72,"s:119:18:119:65":73,"f:119:50:119:62":18,"s:119:62:119:64":74,"s:120:15:120:30":75,"b:121:4:123:Infinity:undefined:undefined:undefined:undefined":37,"s:121:4:123:Infinity":76,"s:122:16:122:65":77,"f:122:22:122:27":19,"s:122:35:122:65":78,"b:123:6:123:Infinity:undefined:undefined:undefined:undefined":38,"s:123:6:123:Infinity":79,"s:123:13:123:Infinity":80,"s:125:4:125:Infinity":81,"b:127:4:127:Infinity:undefined:undefined:undefined:undefined":39,"s:127:4:127:Infinity":82,"s:127:25:127:Infinity":83,"s:128:4:128:Infinity":84,"b:128:17:128:27:128:31:128:34":40,"b:128:40:128:53:128:53:128:68":41,"b:128:75:128:89:128:89:128:106":42,"b:128:112:128:125:128:125:128:137":43,"b:128:145:128:160:128:160:128:170":44,"b:128:176:128:195:128:195:128:207":45,"b:128:222:128:244:128:244:128:247":46,"b:128:285:128:298:128:298:128:312":47,"f:132:22:132:37":20,"s:133:2:136:Infinity":85,"s:134:4:134:Infinity":86,"b:136:4:136:Infinity:undefined:undefined:undefined:undefined":48,"s:136:4:136:Infinity":87,"s:136:25:136:Infinity":88}}}
,"/Users/phong/Library/CloudStorage/GoogleDrive-skyfalljoss@gmail.com/My Drive/project/EMS-trainning/frontend/src/types/api.ts": {"path":"/Users/phong/Library/CloudStorage/GoogleDrive-skyfalljoss@gmail.com/My Drive/project/EMS-trainning/frontend/src/types/api.ts","statementMap":{"0":{"start":{"line":5,"column":4},"end":{"line":5,"column":null}},"1":{"start":{"line":6,"column":4},"end":{"line":6,"column":null}},"2":{"start":{"line":7,"column":4},"end":{"line":7,"column":null}},"3":{"start":{"line":12,"column":2},"end":{"line":12,"column":null}}},"fnMap":{"0":{"name":"(anonymous_0)","decl":{"start":{"line":4,"column":2},"end":{"line":4,"column":14}},"loc":{"start":{"line":4,"column":48},"end":{"line":7,"column":null}},"line":4},"1":{"name":"isApiError","decl":{"start":{"line":11,"column":16},"end":{"line":11,"column":27}},"loc":{"start":{"line":11,"column":58},"end":{"line":12,"column":null}},"line":11}},"branchMap":{"0":{"loc":{"start":{"line":12,"column":9},"end":{"line":12,"column":null}},"type":"binary-expr","locations":[{"start":{"line":12,"column":9},"end":{"line":12,"column":33}},{"start":{"line":12,"column":33},"end":{"line":12,"column":null}}],"line":12}},"s":{"0":13,"1":13,"2":13,"3":23},"f":{"0":13,"1":23},"b":{"0":[23,23]},"meta":{"lastBranch":1,"lastFunction":2,"lastStatement":4,"seen":{"f:4:2:4:14":0,"s:5:4:5:Infinity":0,"s:6:4:6:Infinity":1,"s:7:4:7:Infinity":2,"f:11:16:11:27":1,"s:12:2:12:Infinity":3,"b:12:9:12:33:12:33:12:Infinity":0}}}
,"/Users/phong/Library/CloudStorage/GoogleDrive-skyfalljoss@gmail.com/My Drive/project/EMS-trainning/frontend/src/types/audit.ts": {"path":"/Users/phong/Library/CloudStorage/GoogleDrive-skyfalljoss@gmail.com/My Drive/project/EMS-trainning/frontend/src/types/audit.ts","statementMap":{},"fnMap":{},"branchMap":{},"s":{},"f":{},"b":{},"meta":{"lastBranch":0,"lastFunction":0,"lastStatement":0,"seen":{}}}
,"/Users/phong/Library/CloudStorage/GoogleDrive-skyfalljoss@gmail.com/My Drive/project/EMS-trainning/frontend/src/types/auth.ts": {"path":"/Users/phong/Library/CloudStorage/GoogleDrive-skyfalljoss@gmail.com/My Drive/project/EMS-trainning/frontend/src/types/auth.ts","statementMap":{},"fnMap":{},"branchMap":{},"s":{},"f":{},"b":{},"meta":{"lastBranch":0,"lastFunction":0,"lastStatement":0,"seen":{}}}
,"/Users/phong/Library/CloudStorage/GoogleDrive-skyfalljoss@gmail.com/My Drive/project/EMS-trainning/frontend/src/types/department.ts": {"path":"/Users/phong/Library/CloudStorage/GoogleDrive-skyfalljoss@gmail.com/My Drive/project/EMS-trainning/frontend/src/types/department.ts","statementMap":{},"fnMap":{},"branchMap":{},"s":{},"f":{},"b":{},"meta":{"lastBranch":0,"lastFunction":0,"lastStatement":0,"seen":{}}}
,"/Users/phong/Library/CloudStorage/GoogleDrive-skyfalljoss@gmail.com/My Drive/project/EMS-trainning/frontend/src/types/employee.ts": {"path":"/Users/phong/Library/CloudStorage/GoogleDrive-skyfalljoss@gmail.com/My Drive/project/EMS-trainning/frontend/src/types/employee.ts","statementMap":{},"fnMap":{},"branchMap":{},"s":{},"f":{},"b":{},"meta":{"lastBranch":0,"lastFunction":0,"lastStatement":0,"seen":{}}}
,"/Users/phong/Library/CloudStorage/GoogleDrive-skyfalljoss@gmail.com/My Drive/project/EMS-trainning/frontend/src/types/index.ts": {"path":"/Users/phong/Library/CloudStorage/GoogleDrive-skyfalljoss@gmail.com/My Drive/project/EMS-trainning/frontend/src/types/index.ts","statementMap":{},"fnMap":{},"branchMap":{},"s":{},"f":{},"b":{},"meta":{"lastBranch":0,"lastFunction":0,"lastStatement":0,"seen":{}}}
,"/Users/phong/Library/CloudStorage/GoogleDrive-skyfalljoss@gmail.com/My Drive/project/EMS-trainning/frontend/src/types/leave.ts": {"path":"/Users/phong/Library/CloudStorage/GoogleDrive-skyfalljoss@gmail.com/My Drive/project/EMS-trainning/frontend/src/types/leave.ts","statementMap":{},"fnMap":{},"branchMap":{},"s":{},"f":{},"b":{},"meta":{"lastBranch":0,"lastFunction":0,"lastStatement":0,"seen":{}}}
,"/Users/phong/Library/CloudStorage/GoogleDrive-skyfalljoss@gmail.com/My Drive/project/EMS-trainning/frontend/src/validation/auth.ts": {"path":"/Users/phong/Library/CloudStorage/GoogleDrive-skyfalljoss@gmail.com/My Drive/project/EMS-trainning/frontend/src/validation/auth.ts","statementMap":{"0":{"start":{"line":3,"column":23},"end":{"line":8,"column":80}},"1":{"start":{"line":10,"column":27},"end":{"line":13,"column":2}},"2":{"start":{"line":15,"column":30},"end":{"line":25,"column":4}},"3":{"start":{"line":22,"column":18},"end":{"line":22,"column":58}},"4":{"start":{"line":27,"column":36},"end":{"line":36,"column":4}},"5":{"start":{"line":33,"column":18},"end":{"line":33,"column":51}},"6":{"start":{"line":38,"column":30},"end":{"line":43,"column":2}}},"fnMap":{"0":{"name":"(anonymous_0)","decl":{"start":{"line":22,"column":3},"end":{"line":22,"column":10}},"loc":{"start":{"line":22,"column":18},"end":{"line":22,"column":58}},"line":22},"1":{"name":"(anonymous_1)","decl":{"start":{"line":33,"column":3},"end":{"line":33,"column":10}},"loc":{"start":{"line":33,"column":18},"end":{"line":33,"column":51}},"line":33}},"branchMap":{},"s":{"0":1,"1":1,"2":1,"3":0,"4":1,"5":0,"6":1},"f":{"0":0,"1":0},"b":{},"meta":{"lastBranch":0,"lastFunction":2,"lastStatement":7,"seen":{"s:3:23:8:80":0,"s:10:27:13:2":1,"s:15:30:25:4":2,"f:22:3:22:10":0,"s:22:18:22:58":3,"s:27:36:36:4":4,"f:33:3:33:10":1,"s:33:18:33:51":5,"s:38:30:43:2":6}}}
,"/Users/phong/Library/CloudStorage/GoogleDrive-skyfalljoss@gmail.com/My Drive/project/EMS-trainning/frontend/src/validation/department.ts": {"path":"/Users/phong/Library/CloudStorage/GoogleDrive-skyfalljoss@gmail.com/My Drive/project/EMS-trainning/frontend/src/validation/department.ts","statementMap":{"0":{"start":{"line":3,"column":32},"end":{"line":12,"column":2}}},"fnMap":{},"branchMap":{},"s":{"0":1},"f":{},"b":{},"meta":{"lastBranch":0,"lastFunction":0,"lastStatement":1,"seen":{"s:3:32:12:2":0}}}
,"/Users/phong/Library/CloudStorage/GoogleDrive-skyfalljoss@gmail.com/My Drive/project/EMS-trainning/frontend/src/validation/employee.ts": {"path":"/Users/phong/Library/CloudStorage/GoogleDrive-skyfalljoss@gmail.com/My Drive/project/EMS-trainning/frontend/src/validation/employee.ts","statementMap":{"0":{"start":{"line":3,"column":30},"end":{"line":18,"column":2}}},"fnMap":{},"branchMap":{},"s":{"0":1},"f":{},"b":{},"meta":{"lastBranch":0,"lastFunction":0,"lastStatement":1,"seen":{"s:3:30:18:2":0}}}
,"/Users/phong/Library/CloudStorage/GoogleDrive-skyfalljoss@gmail.com/My Drive/project/EMS-trainning/frontend/src/validation/index.ts": {"path":"/Users/phong/Library/CloudStorage/GoogleDrive-skyfalljoss@gmail.com/My Drive/project/EMS-trainning/frontend/src/validation/index.ts","statementMap":{"0":{"start":{"line":4,"column":14},"end":{"line":4,"column":null}},"1":{"start":{"line":5,"column":2},"end":{"line":5,"column":null}},"2":{"start":{"line":5,"column":33},"end":{"line":5,"column":null}},"3":{"start":{"line":6,"column":2},"end":{"line":6,"column":null}}},"fnMap":{"0":{"name":"firstError","decl":{"start":{"line":3,"column":16},"end":{"line":3,"column":27}},"loc":{"start":{"line":3,"column":49},"end":{"line":6,"column":null}},"line":3}},"branchMap":{"0":{"loc":{"start":{"line":5,"column":2},"end":{"line":5,"column":null}},"type":"if","locations":[{"start":{"line":5,"column":2},"end":{"line":5,"column":null}},{"start":{},"end":{}}],"line":5}},"s":{"0":0,"1":0,"2":0,"3":0},"f":{"0":0},"b":{"0":[0,0]},"meta":{"lastBranch":1,"lastFunction":1,"lastStatement":4,"seen":{"f:3:16:3:27":0,"s:4:14:4:Infinity":0,"b:5:2:5:Infinity:undefined:undefined:undefined:undefined":0,"s:5:2:5:Infinity":1,"s:5:33:5:Infinity":2,"s:6:2:6:Infinity":3}}}
}
